{"/home/caryb/.atelier/worktrees/echo-echo/autopilot-1777687442672/src/engine/agent-factory.ts": {"path":"/home/caryb/.atelier/worktrees/echo-echo/autopilot-1777687442672/src/engine/agent-factory.ts","statementMap":{"0":{"start":{"line":16,"column":14},"end":{"line":16,"column":null}},"1":{"start":{"line":17,"column":21},"end":{"line":17,"column":null}},"2":{"start":{"line":18,"column":20},"end":{"line":18,"column":null}},"3":{"start":{"line":19,"column":2},"end":{"line":19,"column":null}},"4":{"start":{"line":24,"column":2},"end":{"line":24,"column":null}},"5":{"start":{"line":29,"column":2},"end":{"line":29,"column":null}},"6":{"start":{"line":34,"column":2},"end":{"line":38,"column":null}},"7":{"start":{"line":41,"column":13},"end":{"line":41,"column":null}},"8":{"start":{"line":49,"column":17},"end":{"line":49,"column":null}},"9":{"start":{"line":50,"column":8},"end":{"line":50,"column":null}},"10":{"start":{"line":51,"column":13},"end":{"line":51,"column":null}},"11":{"start":{"line":53,"column":2},"end":{"line":70,"column":null}},"12":{"start":{"line":84,"column":17},"end":{"line":84,"column":null}},"13":{"start":{"line":86,"column":28},"end":{"line":94,"column":null}},"14":{"start":{"line":96,"column":8},"end":{"line":96,"column":null}},"15":{"start":{"line":97,"column":13},"end":{"line":97,"column":null}},"16":{"start":{"line":100,"column":31},"end":{"line":100,"column":null}},"17":{"start":{"line":101,"column":18},"end":{"line":101,"column":null}},"18":{"start":{"line":102,"column":2},"end":{"line":107,"column":null}},"19":{"start":{"line":102,"column":15},"end":{"line":102,"column":18}},"20":{"start":{"line":103,"column":4},"end":{"line":103,"column":null}},"21":{"start":{"line":103,"column":38},"end":{"line":103,"column":null}},"22":{"start":{"line":104,"column":4},"end":{"line":104,"column":null}},"23":{"start":{"line":104,"column":38},"end":{"line":104,"column":null}},"24":{"start":{"line":105,"column":4},"end":{"line":105,"column":null}},"25":{"start":{"line":105,"column":38},"end":{"line":105,"column":null}},"26":{"start":{"line":106,"column":4},"end":{"line":106,"column":null}},"27":{"start":{"line":106,"column":38},"end":{"line":106,"column":null}},"28":{"start":{"line":110,"column":46},"end":{"line":110,"column":null}},"29":{"start":{"line":113,"column":46},"end":{"line":113,"column":null}},"30":{"start":{"line":114,"column":17},"end":{"line":114,"column":null}},"31":{"start":{"line":115,"column":2},"end":{"line":120,"column":null}},"32":{"start":{"line":115,"column":15},"end":{"line":115,"column":18}},"33":{"start":{"line":116,"column":4},"end":{"line":116,"column":null}},"34":{"start":{"line":116,"column":39},"end":{"line":116,"column":null}},"35":{"start":{"line":117,"column":4},"end":{"line":117,"column":null}},"36":{"start":{"line":117,"column":35},"end":{"line":117,"column":null}},"37":{"start":{"line":118,"column":4},"end":{"line":118,"column":null}},"38":{"start":{"line":118,"column":39},"end":{"line":118,"column":null}},"39":{"start":{"line":119,"column":4},"end":{"line":119,"column":null}},"40":{"start":{"line":119,"column":35},"end":{"line":119,"column":null}},"41":{"start":{"line":122,"column":2},"end":{"line":142,"column":null}},"42":{"start":{"line":153,"column":26},"end":{"line":153,"column":null}},"43":{"start":{"line":154,"column":2},"end":{"line":158,"column":null}},"44":{"start":{"line":154,"column":15},"end":{"line":154,"column":18}},"45":{"start":{"line":155,"column":14},"end":{"line":155,"column":null}},"46":{"start":{"line":156,"column":14},"end":{"line":156,"column":null}},"47":{"start":{"line":157,"column":4},"end":{"line":157,"column":null}},"48":{"start":{"line":159,"column":2},"end":{"line":159,"column":null}},"49":{"start":{"line":164,"column":2},"end":{"line":164,"column":null}}},"fnMap":{"0":{"name":"dnaToColor","decl":{"start":{"line":15,"column":16},"end":{"line":15,"column":27}},"loc":{"start":{"line":15,"column":54},"end":{"line":20,"column":null}},"line":15},"1":{"name":"randomInRange","decl":{"start":{"line":23,"column":9},"end":{"line":23,"column":23}},"loc":{"start":{"line":23,"column":57},"end":{"line":25,"column":null}},"line":23},"2":{"name":"clamp01","decl":{"start":{"line":28,"column":9},"end":{"line":28,"column":17}},"loc":{"start":{"line":28,"column":36},"end":{"line":30,"column":null}},"line":28},"3":{"name":"randomVector","decl":{"start":{"line":33,"column":9},"end":{"line":33,"column":35}},"loc":{"start":{"line":33,"column":35},"end":{"line":39,"column":null}},"line":33},"4":{"name":"createAgent","decl":{"start":{"line":44,"column":16},"end":{"line":44,"column":null}},"loc":{"start":{"line":48,"column":9},"end":{"line":71,"column":null}},"line":48},"5":{"name":"createChildAgent","decl":{"start":{"line":78,"column":16},"end":{"line":78,"column":null}},"loc":{"start":{"line":83,"column":9},"end":{"line":143,"column":null}},"line":83},"6":{"name":"(anonymous_6)","decl":{"start":{"line":84,"column":17},"end":{"line":84,"column":24}},"loc":{"start":{"line":84,"column":17},"end":{"line":84,"column":null}},"line":84},"7":{"name":"createAgents","decl":{"start":{"line":149,"column":16},"end":{"line":149,"column":null}},"loc":{"start":{"line":152,"column":11},"end":{"line":160,"column":null}},"line":152},"8":{"name":"resetAgentIdCounter","decl":{"start":{"line":163,"column":16},"end":{"line":163,"column":44}},"loc":{"start":{"line":163,"column":44},"end":{"line":165,"column":null}},"line":163}},"branchMap":{"0":{"loc":{"start":{"line":47,"column":2},"end":{"line":47,"column":null}},"type":"default-arg","locations":[{"start":{"line":47,"column":29},"end":{"line":47,"column":null}}],"line":47},"1":{"loc":{"start":{"line":82,"column":2},"end":{"line":82,"column":null}},"type":"default-arg","locations":[{"start":{"line":82,"column":29},"end":{"line":82,"column":null}}],"line":82},"2":{"loc":{"start":{"line":103,"column":4},"end":{"line":103,"column":null}},"type":"if","locations":[{"start":{"line":103,"column":4},"end":{"line":103,"column":null}},{"start":{},"end":{}}],"line":103},"3":{"loc":{"start":{"line":104,"column":4},"end":{"line":104,"column":null}},"type":"if","locations":[{"start":{"line":104,"column":4},"end":{"line":104,"column":null}},{"start":{},"end":{}}],"line":104},"4":{"loc":{"start":{"line":105,"column":4},"end":{"line":105,"column":null}},"type":"if","locations":[{"start":{"line":105,"column":4},"end":{"line":105,"column":null}},{"start":{},"end":{}}],"line":105},"5":{"loc":{"start":{"line":106,"column":4},"end":{"line":106,"column":null}},"type":"if","locations":[{"start":{"line":106,"column":4},"end":{"line":106,"column":null}},{"start":{},"end":{}}],"line":106},"6":{"loc":{"start":{"line":116,"column":4},"end":{"line":116,"column":null}},"type":"if","locations":[{"start":{"line":116,"column":4},"end":{"line":116,"column":null}},{"start":{},"end":{}}],"line":116},"7":{"loc":{"start":{"line":117,"column":4},"end":{"line":117,"column":null}},"type":"if","locations":[{"start":{"line":117,"column":4},"end":{"line":117,"column":null}},{"start":{},"end":{}}],"line":117},"8":{"loc":{"start":{"line":118,"column":4},"end":{"line":118,"column":null}},"type":"if","locations":[{"start":{"line":118,"column":4},"end":{"line":118,"column":null}},{"start":{},"end":{}}],"line":118},"9":{"loc":{"start":{"line":119,"column":4},"end":{"line":119,"column":null}},"type":"if","locations":[{"start":{"line":119,"column":4},"end":{"line":119,"column":null}},{"start":{},"end":{}}],"line":119},"10":{"loc":{"start":{"line":150,"column":2},"end":{"line":150,"column":null}},"type":"default-arg","locations":[{"start":{"line":150,"column":18},"end":{"line":150,"column":null}}],"line":150},"11":{"loc":{"start":{"line":151,"column":2},"end":{"line":151,"column":null}},"type":"default-arg","locations":[{"start":{"line":151,"column":29},"end":{"line":151,"column":null}}],"line":151}},"s":{"0":824,"1":824,"2":824,"3":824,"4":1010,"5":9,"6":763,"7":21,"8":763,"9":763,"10":763,"11":763,"12":9,"13":3,"14":3,"15":3,"16":3,"17":3,"18":3,"19":3,"20":30,"21":0,"22":30,"23":0,"24":30,"25":0,"26":30,"27":0,"28":3,"29":3,"30":3,"31":3,"32":3,"33":0,"34":0,"35":0,"36":0,"37":0,"38":0,"39":0,"40":0,"41":3,"42":14,"43":14,"44":14,"45":505,"46":505,"47":505,"48":14,"49":198},"f":{"0":824,"1":1010,"2":9,"3":763,"4":763,"5":3,"6":9,"7":14,"8":198},"b":{"0":[763],"1":[3],"2":[0,30],"3":[0,30],"4":[0,30],"5":[0,30],"6":[0,0],"7":[0,0],"8":[0,0],"9":[0,0],"10":[14],"11":[14]},"meta":{"lastBranch":12,"lastFunction":9,"lastStatement":50,"seen":{"f:15:16:15:27":0,"s:16:14:16:Infinity":0,"s:17:21:17:Infinity":1,"s:18:20:18:Infinity":2,"s:19:2:19:Infinity":3,"f:23:9:23:23":1,"s:24:2:24:Infinity":4,"f:28:9:28:17":2,"s:29:2:29:Infinity":5,"f:33:9:33:35":3,"s:34:2:38:Infinity":6,"s:41:13:41:Infinity":7,"f:44:16:44:Infinity":4,"b:47:29:47:Infinity":0,"s:49:17:49:Infinity":8,"s:50:8:50:Infinity":9,"s:51:13:51:Infinity":10,"s:53:2:70:Infinity":11,"f:78:16:78:Infinity":5,"b:82:29:82:Infinity":1,"s:84:17:84:Infinity":12,"f:84:17:84:24":6,"s:86:28:94:Infinity":13,"s:96:8:96:Infinity":14,"s:97:13:97:Infinity":15,"s:100:31:100:Infinity":16,"s:101:18:101:Infinity":17,"s:102:2:107:Infinity":18,"s:102:15:102:18":19,"b:103:4:103:Infinity:undefined:undefined:undefined:undefined":2,"s:103:4:103:Infinity":20,"s:103:38:103:Infinity":21,"b:104:4:104:Infinity:undefined:undefined:undefined:undefined":3,"s:104:4:104:Infinity":22,"s:104:38:104:Infinity":23,"b:105:4:105:Infinity:undefined:undefined:undefined:undefined":4,"s:105:4:105:Infinity":24,"s:105:38:105:Infinity":25,"b:106:4:106:Infinity:undefined:undefined:undefined:undefined":5,"s:106:4:106:Infinity":26,"s:106:38:106:Infinity":27,"s:110:46:110:Infinity":28,"s:113:46:113:Infinity":29,"s:114:17:114:Infinity":30,"s:115:2:120:Infinity":31,"s:115:15:115:18":32,"b:116:4:116:Infinity:undefined:undefined:undefined:undefined":6,"s:116:4:116:Infinity":33,"s:116:39:116:Infinity":34,"b:117:4:117:Infinity:undefined:undefined:undefined:undefined":7,"s:117:4:117:Infinity":35,"s:117:35:117:Infinity":36,"b:118:4:118:Infinity:undefined:undefined:undefined:undefined":8,"s:118:4:118:Infinity":37,"s:118:39:118:Infinity":38,"b:119:4:119:Infinity:undefined:undefined:undefined:undefined":9,"s:119:4:119:Infinity":39,"s:119:35:119:Infinity":40,"s:122:2:142:Infinity":41,"f:149:16:149:Infinity":7,"b:150:18:150:Infinity":10,"b:151:29:151:Infinity":11,"s:153:26:153:Infinity":42,"s:154:2:158:Infinity":43,"s:154:15:154:18":44,"s:155:14:155:Infinity":45,"s:156:14:156:Infinity":46,"s:157:4:157:Infinity":47,"s:159:2:159:Infinity":48,"f:163:16:163:44":8,"s:164:2:164:Infinity":49}}}
,"/home/caryb/.atelier/worktrees/echo-echo/autopilot-1777687442672/src/engine/agent-migration.ts": {"path":"/home/caryb/.atelier/worktrees/echo-echo/autopilot-1777687442672/src/engine/agent-migration.ts","statementMap":{"0":{"start":{"line":34,"column":20},"end":{"line":34,"column":null}},"1":{"start":{"line":35,"column":43},"end":{"line":35,"column":null}},"2":{"start":{"line":37,"column":2},"end":{"line":54,"column":null}},"3":{"start":{"line":39,"column":4},"end":{"line":39,"column":null}},"4":{"start":{"line":39,"column":56},"end":{"line":39,"column":null}},"5":{"start":{"line":42,"column":19},"end":{"line":42,"column":null}},"6":{"start":{"line":43,"column":19},"end":{"line":43,"column":null}},"7":{"start":{"line":45,"column":4},"end":{"line":53,"column":null}},"8":{"start":{"line":46,"column":6},"end":{"line":46,"column":null}},"9":{"start":{"line":47,"column":4},"end":{"line":53,"column":null}},"10":{"start":{"line":48,"column":6},"end":{"line":48,"column":null}},"11":{"start":{"line":49,"column":4},"end":{"line":53,"column":null}},"12":{"start":{"line":50,"column":6},"end":{"line":50,"column":null}},"13":{"start":{"line":51,"column":4},"end":{"line":53,"column":null}},"14":{"start":{"line":52,"column":6},"end":{"line":52,"column":null}},"15":{"start":{"line":56,"column":2},"end":{"line":56,"column":null}},"16":{"start":{"line":74,"column":18},"end":{"line":74,"column":null}},"17":{"start":{"line":75,"column":18},"end":{"line":75,"column":null}},"18":{"start":{"line":78,"column":20},"end":{"line":78,"column":null}},"19":{"start":{"line":79,"column":20},"end":{"line":79,"column":null}},"20":{"start":{"line":82,"column":26},"end":{"line":92,"column":null}},"21":{"start":{"line":91,"column":37},"end":{"line":91,"column":73}},"22":{"start":{"line":94,"column":2},"end":{"line":94,"column":null}},"23":{"start":{"line":106,"column":8},"end":{"line":106,"column":null}},"24":{"start":{"line":109,"column":2},"end":{"line":109,"column":null}},"25":{"start":{"line":110,"column":2},"end":{"line":110,"column":null}},"26":{"start":{"line":113,"column":2},"end":{"line":113,"column":null}},"27":{"start":{"line":115,"column":2},"end":{"line":115,"column":null}}},"fnMap":{"0":{"name":"detectMigrationCandidates","decl":{"start":{"line":29,"column":16},"end":{"line":29,"column":null}},"loc":{"start":{"line":33,"column":24},"end":{"line":57,"column":null}},"line":33},"1":{"name":"migrateAgent","decl":{"start":{"line":67,"column":16},"end":{"line":67,"column":null}},"loc":{"start":{"line":72,"column":19},"end":{"line":95,"column":null}},"line":72},"2":{"name":"(anonymous_2)","decl":{"start":{"line":91,"column":29},"end":{"line":91,"column":30}},"loc":{"start":{"line":91,"column":37},"end":{"line":91,"column":73}},"line":91},"3":{"name":"receiveMigratedAgent","decl":{"start":{"line":102,"column":16},"end":{"line":102,"column":null}},"loc":{"start":{"line":105,"column":9},"end":{"line":116,"column":null}},"line":105}},"branchMap":{"0":{"loc":{"start":{"line":32,"column":2},"end":{"line":32,"column":null}},"type":"default-arg","locations":[{"start":{"line":32,"column":34},"end":{"line":32,"column":null}}],"line":32},"1":{"loc":{"start":{"line":39,"column":4},"end":{"line":39,"column":null}},"type":"if","locations":[{"start":{"line":39,"column":4},"end":{"line":39,"column":null}},{"start":{},"end":{}}],"line":39},"2":{"loc":{"start":{"line":39,"column":8},"end":{"line":39,"column":56}},"type":"binary-expr","locations":[{"start":{"line":39,"column":8},"end":{"line":39,"column":29}},{"start":{"line":39,"column":29},"end":{"line":39,"column":56}}],"line":39},"3":{"loc":{"start":{"line":45,"column":4},"end":{"line":53,"column":null}},"type":"if","locations":[{"start":{"line":45,"column":4},"end":{"line":53,"column":null}},{"start":{"line":47,"column":4},"end":{"line":53,"column":null}}],"line":45},"4":{"loc":{"start":{"line":47,"column":4},"end":{"line":53,"column":null}},"type":"if","locations":[{"start":{"line":47,"column":4},"end":{"line":53,"column":null}},{"start":{"line":49,"column":4},"end":{"line":53,"column":null}}],"line":47},"5":{"loc":{"start":{"line":49,"column":4},"end":{"line":53,"column":null}},"type":"if","locations":[{"start":{"line":49,"column":4},"end":{"line":53,"column":null}},{"start":{"line":51,"column":4},"end":{"line":53,"column":null}}],"line":49},"6":{"loc":{"start":{"line":51,"column":4},"end":{"line":53,"column":null}},"type":"if","locations":[{"start":{"line":51,"column":4},"end":{"line":53,"column":null}},{"start":{},"end":{}}],"line":51},"7":{"loc":{"start":{"line":90,"column":15},"end":{"line":90,"column":null}},"type":"cond-expr","locations":[{"start":{"line":90,"column":33},"end":{"line":90,"column":56}},{"start":{"line":90,"column":56},"end":{"line":90,"column":null}}],"line":90}},"s":{"0":7,"1":7,"2":7,"3":7,"4":2,"5":5,"6":5,"7":5,"8":1,"9":4,"10":1,"11":3,"12":1,"13":2,"14":1,"15":7,"16":6,"17":6,"18":6,"19":6,"20":6,"21":1,"22":6,"23":3,"24":3,"25":3,"26":3,"27":3},"f":{"0":7,"1":6,"2":1,"3":3},"b":{"0":[7],"1":[2,5],"2":[7,6],"3":[1,4],"4":[1,3],"5":[1,2],"6":[1,1],"7":[0,6]},"meta":{"lastBranch":8,"lastFunction":4,"lastStatement":28,"seen":{"f:29:16:29:Infinity":0,"b:32:34:32:Infinity":0,"s:34:20:34:Infinity":0,"s:35:43:35:Infinity":1,"s:37:2:54:Infinity":2,"b:39:4:39:Infinity:undefined:undefined:undefined:undefined":1,"s:39:4:39:Infinity":3,"b:39:8:39:29:39:29:39:56":2,"s:39:56:39:Infinity":4,"s:42:19:42:Infinity":5,"s:43:19:43:Infinity":6,"b:45:4:53:Infinity:47:4:53:Infinity":3,"s:45:4:53:Infinity":7,"s:46:6:46:Infinity":8,"b:47:4:53:Infinity:49:4:53:Infinity":4,"s:47:4:53:Infinity":9,"s:48:6:48:Infinity":10,"b:49:4:53:Infinity:51:4:53:Infinity":5,"s:49:4:53:Infinity":11,"s:50:6:50:Infinity":12,"b:51:4:53:Infinity:undefined:undefined:undefined:undefined":6,"s:51:4:53:Infinity":13,"s:52:6:52:Infinity":14,"s:56:2:56:Infinity":15,"f:67:16:67:Infinity":1,"s:74:18:74:Infinity":16,"s:75:18:75:Infinity":17,"s:78:20:78:Infinity":18,"s:79:20:79:Infinity":19,"s:82:26:92:Infinity":20,"b:90:33:90:56:90:56:90:Infinity":7,"f:91:29:91:30":2,"s:91:37:91:73":21,"s:94:2:94:Infinity":22,"f:102:16:102:Infinity":3,"s:106:8:106:Infinity":23,"s:109:2:109:Infinity":24,"s:110:2:110:Infinity":25,"s:113:2:113:Infinity":26,"s:115:2:115:Infinity":27}}}
,"/home/caryb/.atelier/worktrees/echo-echo/autopilot-1777687442672/src/engine/blast-radius.ts": {"path":"/home/caryb/.atelier/worktrees/echo-echo/autopilot-1777687442672/src/engine/blast-radius.ts","statementMap":{"0":{"start":{"line":16,"column":2},"end":{"line":16,"column":null}},"1":{"start":{"line":23,"column":2},"end":{"line":25,"column":null}},"2":{"start":{"line":24,"column":15},"end":{"line":24,"column":null}},"3":{"start":{"line":35,"column":19},"end":{"line":35,"column":null}},"4":{"start":{"line":37,"column":2},"end":{"line":39,"column":null}},"5":{"start":{"line":38,"column":4},"end":{"line":38,"column":null}},"6":{"start":{"line":41,"column":2},"end":{"line":41,"column":null}},"7":{"start":{"line":41,"column":29},"end":{"line":41,"column":33}},"8":{"start":{"line":51,"column":19},"end":{"line":51,"column":null}},"9":{"start":{"line":53,"column":2},"end":{"line":57,"column":null}},"10":{"start":{"line":54,"column":4},"end":{"line":54,"column":null}},"11":{"start":{"line":55,"column":4},"end":{"line":55,"column":null}},"12":{"start":{"line":56,"column":4},"end":{"line":56,"column":null}},"13":{"start":{"line":59,"column":2},"end":{"line":59,"column":null}},"14":{"start":{"line":59,"column":29},"end":{"line":59,"column":33}}},"fnMap":{"0":{"name":"manhattanDistance","decl":{"start":{"line":15,"column":16},"end":{"line":15,"column":34}},"loc":{"start":{"line":15,"column":60},"end":{"line":17,"column":null}},"line":15},"1":{"name":"findAgentsInBlastRadius","decl":{"start":{"line":22,"column":16},"end":{"line":22,"column":40}},"loc":{"start":{"line":22,"column":96},"end":{"line":26,"column":null}},"line":22},"2":{"name":"(anonymous_2)","decl":{"start":{"line":24,"column":4},"end":{"line":24,"column":5}},"loc":{"start":{"line":24,"column":15},"end":{"line":24,"column":null}},"line":24},"3":{"name":"detonateDataBomb","decl":{"start":{"line":34,"column":16},"end":{"line":34,"column":33}},"loc":{"start":{"line":34,"column":92},"end":{"line":42,"column":null}},"line":34},"4":{"name":"(anonymous_4)","decl":{"start":{"line":41,"column":22},"end":{"line":41,"column":23}},"loc":{"start":{"line":41,"column":29},"end":{"line":41,"column":33}},"line":41},"5":{"name":"detonateAmnesiaBomb","decl":{"start":{"line":50,"column":16},"end":{"line":50,"column":36}},"loc":{"start":{"line":50,"column":79},"end":{"line":60,"column":null}},"line":50},"6":{"name":"(anonymous_6)","decl":{"start":{"line":59,"column":22},"end":{"line":59,"column":23}},"loc":{"start":{"line":59,"column":29},"end":{"line":59,"column":33}},"line":59}},"branchMap":{"0":{"loc":{"start":{"line":24,"column":15},"end":{"line":24,"column":null}},"type":"binary-expr","locations":[{"start":{"line":24,"column":15},"end":{"line":24,"column":35}},{"start":{"line":24,"column":35},"end":{"line":24,"column":null}}],"line":24}},"s":{"0":32,"1":16,"2":31,"3":8,"4":8,"5":10,"6":8,"7":10,"8":3,"9":3,"10":4,"11":4,"12":4,"13":3,"14":4},"f":{"0":32,"1":16,"2":31,"3":8,"4":10,"5":3,"6":4},"b":{"0":[31,29]},"meta":{"lastBranch":1,"lastFunction":7,"lastStatement":15,"seen":{"f:15:16:15:34":0,"s:16:2:16:Infinity":0,"f:22:16:22:40":1,"s:23:2:25:Infinity":1,"f:24:4:24:5":2,"s:24:15:24:Infinity":2,"b:24:15:24:35:24:35:24:Infinity":0,"f:34:16:34:33":3,"s:35:19:35:Infinity":3,"s:37:2:39:Infinity":4,"s:38:4:38:Infinity":5,"s:41:2:41:Infinity":6,"f:41:22:41:23":4,"s:41:29:41:33":7,"f:50:16:50:36":5,"s:51:19:51:Infinity":8,"s:53:2:57:Infinity":9,"s:54:4:54:Infinity":10,"s:55:4:55:Infinity":11,"s:56:4:56:Infinity":12,"s:59:2:59:Infinity":13,"f:59:22:59:23":6,"s:59:29:59:33":14}}}
,"/home/caryb/.atelier/worktrees/echo-echo/autopilot-1777687442672/src/engine/conflict.ts": {"path":"/home/caryb/.atelier/worktrees/echo-echo/autopilot-1777687442672/src/engine/conflict.ts","statementMap":{"0":{"start":{"line":28,"column":32},"end":{"line":28,"column":null}},"1":{"start":{"line":31,"column":20},"end":{"line":31,"column":null}},"2":{"start":{"line":32,"column":2},"end":{"line":37,"column":null}},"3":{"start":{"line":33,"column":4},"end":{"line":33,"column":null}},"4":{"start":{"line":33,"column":39},"end":{"line":33,"column":null}},"5":{"start":{"line":34,"column":18},"end":{"line":34,"column":null}},"6":{"start":{"line":35,"column":4},"end":{"line":35,"column":null}},"7":{"start":{"line":36,"column":4},"end":{"line":36,"column":null}},"8":{"start":{"line":40,"column":19},"end":{"line":40,"column":null}},"9":{"start":{"line":41,"column":18},"end":{"line":41,"column":null}},"10":{"start":{"line":43,"column":2},"end":{"line":89,"column":null}},"11":{"start":{"line":44,"column":4},"end":{"line":88,"column":null}},"12":{"start":{"line":45,"column":6},"end":{"line":45,"column":null}},"13":{"start":{"line":45,"column":33},"end":{"line":45,"column":null}},"14":{"start":{"line":46,"column":6},"end":{"line":46,"column":null}},"15":{"start":{"line":46,"column":52},"end":{"line":46,"column":null}},"16":{"start":{"line":48,"column":22},"end":{"line":48,"column":null}},"17":{"start":{"line":49,"column":6},"end":{"line":49,"column":null}},"18":{"start":{"line":49,"column":32},"end":{"line":49,"column":null}},"19":{"start":{"line":50,"column":6},"end":{"line":50,"column":null}},"20":{"start":{"line":52,"column":21},"end":{"line":52,"column":null}},"21":{"start":{"line":53,"column":21},"end":{"line":53,"column":null}},"22":{"start":{"line":56,"column":29},"end":{"line":56,"column":null}},"23":{"start":{"line":57,"column":29},"end":{"line":57,"column":null}},"24":{"start":{"line":59,"column":6},"end":{"line":70,"column":null}},"25":{"start":{"line":60,"column":8},"end":{"line":69,"column":null}},"26":{"start":{"line":61,"column":21},"end":{"line":61,"column":null}},"27":{"start":{"line":62,"column":21},"end":{"line":62,"column":null}},"28":{"start":{"line":63,"column":23},"end":{"line":63,"column":null}},"29":{"start":{"line":65,"column":10},"end":{"line":68,"column":null}},"30":{"start":{"line":66,"column":12},"end":{"line":66,"column":null}},"31":{"start":{"line":66,"column":36},"end":{"line":66,"column":null}},"32":{"start":{"line":67,"column":12},"end":{"line":67,"column":null}},"33":{"start":{"line":67,"column":36},"end":{"line":67,"column":null}},"34":{"start":{"line":73,"column":6},"end":{"line":87,"column":null}},"35":{"start":{"line":74,"column":24},"end":{"line":74,"column":null}},"36":{"start":{"line":75,"column":24},"end":{"line":75,"column":null}},"37":{"start":{"line":75,"column":49},"end":{"line":75,"column":67}},"38":{"start":{"line":76,"column":24},"end":{"line":76,"column":null}},"39":{"start":{"line":76,"column":49},"end":{"line":76,"column":67}},"40":{"start":{"line":79,"column":24},"end":{"line":79,"column":null}},"41":{"start":{"line":79,"column":47},"end":{"line":79,"column":61}},"42":{"start":{"line":80,"column":24},"end":{"line":80,"column":null}},"43":{"start":{"line":80,"column":47},"end":{"line":80,"column":61}},"44":{"start":{"line":82,"column":8},"end":{"line":86,"column":null}},"45":{"start":{"line":91,"column":2},"end":{"line":91,"column":null}},"46":{"start":{"line":99,"column":32},"end":{"line":99,"column":null}},"47":{"start":{"line":101,"column":2},"end":{"line":105,"column":null}},"48":{"start":{"line":103,"column":4},"end":{"line":103,"column":null}},"49":{"start":{"line":104,"column":4},"end":{"line":104,"column":null}},"50":{"start":{"line":108,"column":2},"end":{"line":110,"column":null}},"51":{"start":{"line":109,"column":4},"end":{"line":109,"column":null}},"52":{"start":{"line":112,"column":2},"end":{"line":112,"column":null}}},"fnMap":{"0":{"name":"detectConflicts","decl":{"start":{"line":27,"column":16},"end":{"line":27,"column":32}},"loc":{"start":{"line":27,"column":86},"end":{"line":92,"column":null}},"line":27},"1":{"name":"(anonymous_1)","decl":{"start":{"line":75,"column":39},"end":{"line":75,"column":40}},"loc":{"start":{"line":75,"column":49},"end":{"line":75,"column":67}},"line":75},"2":{"name":"(anonymous_2)","decl":{"start":{"line":76,"column":39},"end":{"line":76,"column":40}},"loc":{"start":{"line":76,"column":49},"end":{"line":76,"column":67}},"line":76},"3":{"name":"(anonymous_3)","decl":{"start":{"line":79,"column":37},"end":{"line":79,"column":38}},"loc":{"start":{"line":79,"column":47},"end":{"line":79,"column":61}},"line":79},"4":{"name":"(anonymous_4)","decl":{"start":{"line":80,"column":37},"end":{"line":80,"column":38}},"loc":{"start":{"line":80,"column":47},"end":{"line":80,"column":61}},"line":80},"5":{"name":"resolveConflict","decl":{"start":{"line":98,"column":16},"end":{"line":98,"column":32}},"loc":{"start":{"line":98,"column":62},"end":{"line":113,"column":null}},"line":98}},"branchMap":{"0":{"loc":{"start":{"line":27,"column":49},"end":{"line":27,"column":86}},"type":"default-arg","locations":[{"start":{"line":27,"column":71},"end":{"line":27,"column":86}}],"line":27},"1":{"loc":{"start":{"line":33,"column":4},"end":{"line":33,"column":null}},"type":"if","locations":[{"start":{"line":33,"column":4},"end":{"line":33,"column":null}},{"start":{},"end":{}}],"line":33},"2":{"loc":{"start":{"line":34,"column":18},"end":{"line":34,"column":null}},"type":"binary-expr","locations":[{"start":{"line":34,"column":18},"end":{"line":34,"column":50}},{"start":{"line":34,"column":50},"end":{"line":34,"column":null}}],"line":34},"3":{"loc":{"start":{"line":45,"column":6},"end":{"line":45,"column":null}},"type":"if","locations":[{"start":{"line":45,"column":6},"end":{"line":45,"column":null}},{"start":{},"end":{}}],"line":45},"4":{"loc":{"start":{"line":46,"column":6},"end":{"line":46,"column":null}},"type":"if","locations":[{"start":{"line":46,"column":6},"end":{"line":46,"column":null}},{"start":{},"end":{}}],"line":46},"5":{"loc":{"start":{"line":49,"column":6},"end":{"line":49,"column":null}},"type":"if","locations":[{"start":{"line":49,"column":6},"end":{"line":49,"column":null}},{"start":{},"end":{}}],"line":49},"6":{"loc":{"start":{"line":52,"column":21},"end":{"line":52,"column":null}},"type":"binary-expr","locations":[{"start":{"line":52,"column":21},"end":{"line":52,"column":48}},{"start":{"line":52,"column":48},"end":{"line":52,"column":null}}],"line":52},"7":{"loc":{"start":{"line":53,"column":21},"end":{"line":53,"column":null}},"type":"binary-expr","locations":[{"start":{"line":53,"column":21},"end":{"line":53,"column":48}},{"start":{"line":53,"column":48},"end":{"line":53,"column":null}}],"line":53},"8":{"loc":{"start":{"line":65,"column":10},"end":{"line":68,"column":null}},"type":"if","locations":[{"start":{"line":65,"column":10},"end":{"line":68,"column":null}},{"start":{},"end":{}}],"line":65},"9":{"loc":{"start":{"line":66,"column":12},"end":{"line":66,"column":null}},"type":"if","locations":[{"start":{"line":66,"column":12},"end":{"line":66,"column":null}},{"start":{},"end":{}}],"line":66},"10":{"loc":{"start":{"line":67,"column":12},"end":{"line":67,"column":null}},"type":"if","locations":[{"start":{"line":67,"column":12},"end":{"line":67,"column":null}},{"start":{},"end":{}}],"line":67},"11":{"loc":{"start":{"line":73,"column":6},"end":{"line":87,"column":null}},"type":"if","locations":[{"start":{"line":73,"column":6},"end":{"line":87,"column":null}},{"start":{},"end":{}}],"line":73},"12":{"loc":{"start":{"line":73,"column":10},"end":{"line":73,"column":50}},"type":"binary-expr","locations":[{"start":{"line":73,"column":10},"end":{"line":73,"column":31}},{"start":{"line":73,"column":31},"end":{"line":73,"column":50}}],"line":73},"13":{"loc":{"start":{"line":83,"column":20},"end":{"line":83,"column":null}},"type":"cond-expr","locations":[{"start":{"line":83,"column":41},"end":{"line":83,"column":49}},{"start":{"line":83,"column":49},"end":{"line":83,"column":null}}],"line":83},"14":{"loc":{"start":{"line":84,"column":22},"end":{"line":84,"column":null}},"type":"cond-expr","locations":[{"start":{"line":84,"column":43},"end":{"line":84,"column":51}},{"start":{"line":84,"column":51},"end":{"line":84,"column":null}}],"line":84}},"s":{"0":0,"1":0,"2":0,"3":0,"4":0,"5":0,"6":0,"7":0,"8":0,"9":0,"10":0,"11":0,"12":0,"13":0,"14":0,"15":0,"16":0,"17":0,"18":0,"19":0,"20":0,"21":0,"22":0,"23":0,"24":0,"25":0,"26":0,"27":0,"28":0,"29":0,"30":0,"31":0,"32":0,"33":0,"34":0,"35":0,"36":0,"37":0,"38":0,"39":0,"40":0,"41":0,"42":0,"43":0,"44":0,"45":0,"46":0,"47":0,"48":0,"49":0,"50":0,"51":0,"52":0},"f":{"0":0,"1":0,"2":0,"3":0,"4":0,"5":0},"b":{"0":[0],"1":[0,0],"2":[0,0],"3":[0,0],"4":[0,0],"5":[0,0],"6":[0,0],"7":[0,0],"8":[0,0],"9":[0,0],"10":[0,0],"11":[0,0],"12":[0,0],"13":[0,0],"14":[0,0]},"meta":{"lastBranch":15,"lastFunction":6,"lastStatement":53,"seen":{"f:27:16:27:32":0,"b:27:71:27:86":0,"s:28:32:28:Infinity":0,"s:31:20:31:Infinity":1,"s:32:2:37:Infinity":2,"b:33:4:33:Infinity:undefined:undefined:undefined:undefined":1,"s:33:4:33:Infinity":3,"s:33:39:33:Infinity":4,"s:34:18:34:Infinity":5,"b:34:18:34:50:34:50:34:Infinity":2,"s:35:4:35:Infinity":6,"s:36:4:36:Infinity":7,"s:40:19:40:Infinity":8,"s:41:18:41:Infinity":9,"s:43:2:89:Infinity":10,"s:44:4:88:Infinity":11,"b:45:6:45:Infinity:undefined:undefined:undefined:undefined":3,"s:45:6:45:Infinity":12,"s:45:33:45:Infinity":13,"b:46:6:46:Infinity:undefined:undefined:undefined:undefined":4,"s:46:6:46:Infinity":14,"s:46:52:46:Infinity":15,"s:48:22:48:Infinity":16,"b:49:6:49:Infinity:undefined:undefined:undefined:undefined":5,"s:49:6:49:Infinity":17,"s:49:32:49:Infinity":18,"s:50:6:50:Infinity":19,"s:52:21:52:Infinity":20,"b:52:21:52:48:52:48:52:Infinity":6,"s:53:21:53:Infinity":21,"b:53:21:53:48:53:48:53:Infinity":7,"s:56:29:56:Infinity":22,"s:57:29:57:Infinity":23,"s:59:6:70:Infinity":24,"s:60:8:69:Infinity":25,"s:61:21:61:Infinity":26,"s:62:21:62:Infinity":27,"s:63:23:63:Infinity":28,"b:65:10:68:Infinity:undefined:undefined:undefined:undefined":8,"s:65:10:68:Infinity":29,"b:66:12:66:Infinity:undefined:undefined:undefined:undefined":9,"s:66:12:66:Infinity":30,"s:66:36:66:Infinity":31,"b:67:12:67:Infinity:undefined:undefined:undefined:undefined":10,"s:67:12:67:Infinity":32,"s:67:36:67:Infinity":33,"b:73:6:87:Infinity:undefined:undefined:undefined:undefined":11,"s:73:6:87:Infinity":34,"b:73:10:73:31:73:31:73:50":12,"s:74:24:74:Infinity":35,"s:75:24:75:Infinity":36,"f:75:39:75:40":1,"s:75:49:75:67":37,"s:76:24:76:Infinity":38,"f:76:39:76:40":2,"s:76:49:76:67":39,"s:79:24:79:Infinity":40,"f:79:37:79:38":3,"s:79:47:79:61":41,"s:80:24:80:Infinity":42,"f:80:37:80:38":4,"s:80:47:80:61":43,"s:82:8:86:Infinity":44,"b:83:41:83:49:83:49:83:Infinity":13,"b:84:43:84:51:84:51:84:Infinity":14,"s:91:2:91:Infinity":45,"f:98:16:98:32":5,"s:99:32:99:Infinity":46,"s:101:2:105:Infinity":47,"s:103:4:103:Infinity":48,"s:104:4:104:Infinity":49,"s:108:2:110:Infinity":50,"s:109:4:109:Infinity":51,"s:112:2:112:Infinity":52}}}
,"/home/caryb/.atelier/worktrees/echo-echo/autopilot-1777687442672/src/engine/context-truncator.ts": {"path":"/home/caryb/.atelier/worktrees/echo-echo/autopilot-1777687442672/src/engine/context-truncator.ts","statementMap":{"0":{"start":{"line":12,"column":2},"end":{"line":12,"column":null}},"1":{"start":{"line":17,"column":2},"end":{"line":17,"column":null}},"2":{"start":{"line":17,"column":42},"end":{"line":17,"column":71}},"3":{"start":{"line":20,"column":29},"end":{"line":20,"column":null}},"4":{"start":{"line":43,"column":24},"end":{"line":43,"column":null}},"5":{"start":{"line":46,"column":2},"end":{"line":48,"column":null}},"6":{"start":{"line":47,"column":4},"end":{"line":47,"column":null}},"7":{"start":{"line":51,"column":22},"end":{"line":51,"column":null}},"8":{"start":{"line":52,"column":23},"end":{"line":52,"column":null}},"9":{"start":{"line":53,"column":24},"end":{"line":53,"column":null}},"10":{"start":{"line":56,"column":2},"end":{"line":58,"column":null}},"11":{"start":{"line":57,"column":4},"end":{"line":57,"column":null}},"12":{"start":{"line":61,"column":17},"end":{"line":61,"column":null}},"13":{"start":{"line":61,"column":67},"end":{"line":61,"column":83}},"14":{"start":{"line":62,"column":18},"end":{"line":62,"column":null}},"15":{"start":{"line":64,"column":2},"end":{"line":66,"column":null}},"16":{"start":{"line":65,"column":4},"end":{"line":65,"column":null}},"17":{"start":{"line":69,"column":2},"end":{"line":69,"column":null}}},"fnMap":{"0":{"name":"estimateTokens","decl":{"start":{"line":11,"column":9},"end":{"line":11,"column":24}},"loc":{"start":{"line":11,"column":46},"end":{"line":13,"column":null}},"line":11},"1":{"name":"estimateLoreCacheTokens","decl":{"start":{"line":16,"column":9},"end":{"line":16,"column":33}},"loc":{"start":{"line":16,"column":62},"end":{"line":18,"column":null}},"line":16},"2":{"name":"(anonymous_2)","decl":{"start":{"line":17,"column":26},"end":{"line":17,"column":27}},"loc":{"start":{"line":17,"column":42},"end":{"line":17,"column":71}},"line":17},"3":{"name":"truncateLoreCache","decl":{"start":{"line":38,"column":22},"end":{"line":38,"column":null}},"loc":{"start":{"line":42,"column":21},"end":{"line":70,"column":null}},"line":42},"4":{"name":"(anonymous_4)","decl":{"start":{"line":61,"column":57},"end":{"line":61,"column":58}},"loc":{"start":{"line":61,"column":67},"end":{"line":61,"column":83}},"line":61}},"branchMap":{"0":{"loc":{"start":{"line":46,"column":2},"end":{"line":48,"column":null}},"type":"if","locations":[{"start":{"line":46,"column":2},"end":{"line":48,"column":null}},{"start":{},"end":{}}],"line":46},"1":{"loc":{"start":{"line":56,"column":2},"end":{"line":58,"column":null}},"type":"if","locations":[{"start":{"line":56,"column":2},"end":{"line":58,"column":null}},{"start":{},"end":{}}],"line":56},"2":{"loc":{"start":{"line":64,"column":2},"end":{"line":66,"column":null}},"type":"if","locations":[{"start":{"line":64,"column":2},"end":{"line":66,"column":null}},{"start":{},"end":{}}],"line":64}},"s":{"0":27,"1":5,"2":23,"3":2,"4":3,"5":3,"6":1,"7":2,"8":2,"9":2,"10":2,"11":0,"12":2,"13":14,"14":2,"15":2,"16":1,"17":1},"f":{"0":27,"1":5,"2":23,"3":3,"4":14},"b":{"0":[1,2],"1":[0,2],"2":[1,1]},"meta":{"lastBranch":3,"lastFunction":5,"lastStatement":18,"seen":{"f:11:9:11:24":0,"s:12:2:12:Infinity":0,"f:16:9:16:33":1,"s:17:2:17:Infinity":1,"f:17:26:17:27":2,"s:17:42:17:71":2,"s:20:29:20:Infinity":3,"f:38:22:38:Infinity":3,"s:43:24:43:Infinity":4,"b:46:2:48:Infinity:undefined:undefined:undefined:undefined":0,"s:46:2:48:Infinity":5,"s:47:4:47:Infinity":6,"s:51:22:51:Infinity":7,"s:52:23:52:Infinity":8,"s:53:24:53:Infinity":9,"b:56:2:58:Infinity:undefined:undefined:undefined:undefined":1,"s:56:2:58:Infinity":10,"s:57:4:57:Infinity":11,"s:61:17:61:Infinity":12,"f:61:57:61:58":4,"s:61:67:61:83":13,"s:62:18:62:Infinity":14,"b:64:2:66:Infinity:undefined:undefined:undefined:undefined":2,"s:64:2:66:Infinity":15,"s:65:4:65:Infinity":16,"s:69:2:69:Infinity":17}}}
,"/home/caryb/.atelier/worktrees/echo-echo/autopilot-1777687442672/src/engine/dna-exporter.ts": {"path":"/home/caryb/.atelier/worktrees/echo-echo/autopilot-1777687442672/src/engine/dna-exporter.ts","statementMap":{"0":{"start":{"line":25,"column":44},"end":{"line":31,"column":null}},"1":{"start":{"line":33,"column":52},"end":{"line":37,"column":null}},"2":{"start":{"line":45,"column":2},"end":{"line":53,"column":null}},"3":{"start":{"line":52,"column":37},"end":{"line":52,"column":73}},"4":{"start":{"line":69,"column":2},"end":{"line":78,"column":null}},"5":{"start":{"line":85,"column":2},"end":{"line":85,"column":null}},"6":{"start":{"line":90,"column":2},"end":{"line":90,"column":null}},"7":{"start":{"line":95,"column":2},"end":{"line":95,"column":null}},"8":{"start":{"line":95,"column":20},"end":{"line":95,"column":null}},"9":{"start":{"line":96,"column":2},"end":{"line":96,"column":null}},"10":{"start":{"line":96,"column":34},"end":{"line":96,"column":null}},"11":{"start":{"line":97,"column":2},"end":{"line":97,"column":null}},"12":{"start":{"line":97,"column":34},"end":{"line":97,"column":null}},"13":{"start":{"line":98,"column":2},"end":{"line":99,"column":null}},"14":{"start":{"line":98,"column":70},"end":{"line":98,"column":91}},"15":{"start":{"line":99,"column":4},"end":{"line":99,"column":null}},"16":{"start":{"line":100,"column":2},"end":{"line":100,"column":null}},"17":{"start":{"line":105,"column":2},"end":{"line":105,"column":null}},"18":{"start":{"line":105,"column":24},"end":{"line":105,"column":null}},"19":{"start":{"line":107,"column":2},"end":{"line":107,"column":null}},"20":{"start":{"line":107,"column":36},"end":{"line":107,"column":null}},"21":{"start":{"line":110,"column":2},"end":{"line":110,"column":null}},"22":{"start":{"line":110,"column":31},"end":{"line":110,"column":null}},"23":{"start":{"line":111,"column":2},"end":{"line":115,"column":null}},"24":{"start":{"line":112,"column":4},"end":{"line":114,"column":null}},"25":{"start":{"line":113,"column":6},"end":{"line":113,"column":null}},"26":{"start":{"line":118,"column":2},"end":{"line":120,"column":null}},"27":{"start":{"line":119,"column":4},"end":{"line":119,"column":null}},"28":{"start":{"line":123,"column":2},"end":{"line":128,"column":null}},"29":{"start":{"line":125,"column":43},"end":{"line":125,"column":64}},"30":{"start":{"line":127,"column":4},"end":{"line":127,"column":null}},"31":{"start":{"line":131,"column":2},"end":{"line":131,"column":null}},"32":{"start":{"line":131,"column":30},"end":{"line":131,"column":null}},"33":{"start":{"line":132,"column":2},"end":{"line":136,"column":null}},"34":{"start":{"line":133,"column":4},"end":{"line":135,"column":null}},"35":{"start":{"line":134,"column":6},"end":{"line":134,"column":null}},"36":{"start":{"line":139,"column":2},"end":{"line":147,"column":null}},"37":{"start":{"line":140,"column":4},"end":{"line":146,"column":null}},"38":{"start":{"line":143,"column":45},"end":{"line":143,"column":66}},"39":{"start":{"line":145,"column":6},"end":{"line":145,"column":null}},"40":{"start":{"line":150,"column":2},"end":{"line":152,"column":null}},"41":{"start":{"line":151,"column":4},"end":{"line":151,"column":null}},"42":{"start":{"line":154,"column":2},"end":{"line":154,"column":null}},"43":{"start":{"line":164,"column":2},"end":{"line":166,"column":null}},"44":{"start":{"line":165,"column":4},"end":{"line":165,"column":null}},"45":{"start":{"line":169,"column":2},"end":{"line":171,"column":null}},"46":{"start":{"line":170,"column":4},"end":{"line":170,"column":null}},"47":{"start":{"line":173,"column":17},"end":{"line":173,"column":null}},"48":{"start":{"line":175,"column":2},"end":{"line":177,"column":null}},"49":{"start":{"line":176,"column":4},"end":{"line":176,"column":null}},"50":{"start":{"line":178,"column":2},"end":{"line":180,"column":null}},"51":{"start":{"line":179,"column":4},"end":{"line":179,"column":null}},"52":{"start":{"line":181,"column":2},"end":{"line":183,"column":null}},"53":{"start":{"line":182,"column":4},"end":{"line":182,"column":null}},"54":{"start":{"line":184,"column":2},"end":{"line":186,"column":null}},"55":{"start":{"line":185,"column":4},"end":{"line":185,"column":null}},"56":{"start":{"line":187,"column":2},"end":{"line":189,"column":null}},"57":{"start":{"line":188,"column":4},"end":{"line":188,"column":null}},"58":{"start":{"line":192,"column":2},"end":{"line":194,"column":null}},"59":{"start":{"line":193,"column":4},"end":{"line":193,"column":null}},"60":{"start":{"line":197,"column":2},"end":{"line":202,"column":null}},"61":{"start":{"line":198,"column":4},"end":{"line":201,"column":null}},"62":{"start":{"line":205,"column":2},"end":{"line":210,"column":null}},"63":{"start":{"line":205,"column":15},"end":{"line":205,"column":18}},"64":{"start":{"line":206,"column":23},"end":{"line":206,"column":null}},"65":{"start":{"line":207,"column":4},"end":{"line":209,"column":null}},"66":{"start":{"line":208,"column":6},"end":{"line":208,"column":null}},"67":{"start":{"line":212,"column":2},"end":{"line":212,"column":null}},"68":{"start":{"line":224,"column":2},"end":{"line":224,"column":null}},"69":{"start":{"line":229,"column":22},"end":{"line":229,"column":null}},"70":{"start":{"line":233,"column":2},"end":{"line":233,"column":null}},"71":{"start":{"line":254,"column":42},"end":{"line":254,"column":null}},"72":{"start":{"line":256,"column":2},"end":{"line":284,"column":null}},"73":{"start":{"line":258,"column":18},"end":{"line":258,"column":null}},"74":{"start":{"line":259,"column":17},"end":{"line":259,"column":null}},"75":{"start":{"line":260,"column":20},"end":{"line":260,"column":null}},"76":{"start":{"line":261,"column":20},"end":{"line":261,"column":null}},"77":{"start":{"line":263,"column":4},"end":{"line":283,"column":null}},"78":{"start":{"line":282,"column":42},"end":{"line":282,"column":78}}},"fnMap":{"0":{"name":"agentToDnaFileAgent","decl":{"start":{"line":44,"column":9},"end":{"line":44,"column":29}},"loc":{"start":{"line":44,"column":57},"end":{"line":54,"column":null}},"line":44},"1":{"name":"(anonymous_1)","decl":{"start":{"line":52,"column":29},"end":{"line":52,"column":30}},"loc":{"start":{"line":52,"column":37},"end":{"line":52,"column":73}},"line":52},"2":{"name":"serializeAgentsToDnaFile","decl":{"start":{"line":64,"column":16},"end":{"line":64,"column":null}},"loc":{"start":{"line":68,"column":11},"end":{"line":79,"column":null}},"line":68},"3":{"name":"isObject","decl":{"start":{"line":84,"column":9},"end":{"line":84,"column":18}},"loc":{"start":{"line":84,"column":68},"end":{"line":86,"column":null}},"line":84},"4":{"name":"isValidVectorValue","decl":{"start":{"line":89,"column":9},"end":{"line":89,"column":28}},"loc":{"start":{"line":89,"column":53},"end":{"line":91,"column":null}},"line":89},"5":{"name":"isValidMemoryEntry","decl":{"start":{"line":94,"column":9},"end":{"line":94,"column":28}},"loc":{"start":{"line":94,"column":58},"end":{"line":101,"column":null}},"line":94},"6":{"name":"(anonymous_6)","decl":{"start":{"line":98,"column":54},"end":{"line":98,"column":55}},"loc":{"start":{"line":98,"column":70},"end":{"line":98,"column":91}},"line":98},"7":{"name":"validateAgent","decl":{"start":{"line":104,"column":9},"end":{"line":104,"column":23}},"loc":{"start":{"line":104,"column":69},"end":{"line":155,"column":null}},"line":104},"8":{"name":"(anonymous_8)","decl":{"start":{"line":125,"column":27},"end":{"line":125,"column":28}},"loc":{"start":{"line":125,"column":43},"end":{"line":125,"column":64}},"line":125},"9":{"name":"(anonymous_9)","decl":{"start":{"line":143,"column":29},"end":{"line":143,"column":30}},"loc":{"start":{"line":143,"column":45},"end":{"line":143,"column":66}},"line":143},"10":{"name":"validateDnaFile","decl":{"start":{"line":163,"column":16},"end":{"line":163,"column":32}},"loc":{"start":{"line":163,"column":68},"end":{"line":213,"column":null}},"line":163},"11":{"name":"migrateDnaFile","decl":{"start":{"line":222,"column":16},"end":{"line":222,"column":31}},"loc":{"start":{"line":222,"column":55},"end":{"line":225,"column":null}},"line":222},"12":{"name":"resetImportIdCounter","decl":{"start":{"line":232,"column":16},"end":{"line":232,"column":45}},"loc":{"start":{"line":232,"column":45},"end":{"line":234,"column":null}},"line":232},"13":{"name":"importDnaFileAgents","decl":{"start":{"line":249,"column":16},"end":{"line":249,"column":null}},"loc":{"start":{"line":253,"column":11},"end":{"line":285,"column":null}},"line":253},"14":{"name":"(anonymous_14)","decl":{"start":{"line":256,"column":25},"end":{"line":256,"column":26}},"loc":{"start":{"line":256,"column":39},"end":{"line":284,"column":3}},"line":256},"15":{"name":"(anonymous_15)","decl":{"start":{"line":282,"column":34},"end":{"line":282,"column":35}},"loc":{"start":{"line":282,"column":42},"end":{"line":282,"column":78}},"line":282}},"branchMap":{"0":{"loc":{"start":{"line":51,"column":15},"end":{"line":51,"column":null}},"type":"cond-expr","locations":[{"start":{"line":51,"column":33},"end":{"line":51,"column":56}},{"start":{"line":51,"column":56},"end":{"line":51,"column":null}}],"line":51},"1":{"loc":{"start":{"line":67,"column":2},"end":{"line":67,"column":null}},"type":"default-arg","locations":[{"start":{"line":67,"column":16},"end":{"line":67,"column":null}}],"line":67},"2":{"loc":{"start":{"line":85,"column":9},"end":{"line":85,"column":null}},"type":"binary-expr","locations":[{"start":{"line":85,"column":9},"end":{"line":85,"column":38}},{"start":{"line":85,"column":38},"end":{"line":85,"column":56}},{"start":{"line":85,"column":56},"end":{"line":85,"column":null}}],"line":85},"3":{"loc":{"start":{"line":90,"column":9},"end":{"line":90,"column":null}},"type":"binary-expr","locations":[{"start":{"line":90,"column":9},"end":{"line":90,"column":34}},{"start":{"line":90,"column":34},"end":{"line":90,"column":44}},{"start":{"line":90,"column":44},"end":{"line":90,"column":null}}],"line":90},"4":{"loc":{"start":{"line":95,"column":2},"end":{"line":95,"column":null}},"type":"if","locations":[{"start":{"line":95,"column":2},"end":{"line":95,"column":null}},{"start":{},"end":{}}],"line":95},"5":{"loc":{"start":{"line":96,"column":2},"end":{"line":96,"column":null}},"type":"if","locations":[{"start":{"line":96,"column":2},"end":{"line":96,"column":null}},{"start":{},"end":{}}],"line":96},"6":{"loc":{"start":{"line":97,"column":2},"end":{"line":97,"column":null}},"type":"if","locations":[{"start":{"line":97,"column":2},"end":{"line":97,"column":null}},{"start":{},"end":{}}],"line":97},"7":{"loc":{"start":{"line":98,"column":2},"end":{"line":99,"column":null}},"type":"if","locations":[{"start":{"line":98,"column":2},"end":{"line":99,"column":null}},{"start":{},"end":{}}],"line":98},"8":{"loc":{"start":{"line":98,"column":6},"end":{"line":98,"column":null}},"type":"binary-expr","locations":[{"start":{"line":98,"column":6},"end":{"line":98,"column":36}},{"start":{"line":98,"column":36},"end":{"line":98,"column":null}}],"line":98},"9":{"loc":{"start":{"line":105,"column":2},"end":{"line":105,"column":null}},"type":"if","locations":[{"start":{"line":105,"column":2},"end":{"line":105,"column":null}},{"start":{},"end":{}}],"line":105},"10":{"loc":{"start":{"line":107,"column":2},"end":{"line":107,"column":null}},"type":"if","locations":[{"start":{"line":107,"column":2},"end":{"line":107,"column":null}},{"start":{},"end":{}}],"line":107},"11":{"loc":{"start":{"line":110,"column":2},"end":{"line":110,"column":null}},"type":"if","locations":[{"start":{"line":110,"column":2},"end":{"line":110,"column":null}},{"start":{},"end":{}}],"line":110},"12":{"loc":{"start":{"line":112,"column":4},"end":{"line":114,"column":null}},"type":"if","locations":[{"start":{"line":112,"column":4},"end":{"line":114,"column":null}},{"start":{},"end":{}}],"line":112},"13":{"loc":{"start":{"line":118,"column":2},"end":{"line":120,"column":null}},"type":"if","locations":[{"start":{"line":118,"column":2},"end":{"line":120,"column":null}},{"start":{},"end":{}}],"line":118},"14":{"loc":{"start":{"line":118,"column":6},"end":{"line":118,"column":79}},"type":"binary-expr","locations":[{"start":{"line":118,"column":6},"end":{"line":118,"column":43}},{"start":{"line":118,"column":43},"end":{"line":118,"column":79}}],"line":118},"15":{"loc":{"start":{"line":123,"column":2},"end":{"line":128,"column":null}},"type":"if","locations":[{"start":{"line":123,"column":2},"end":{"line":128,"column":null}},{"start":{},"end":{}}],"line":123},"16":{"loc":{"start":{"line":124,"column":4},"end":{"line":125,"column":null}},"type":"binary-expr","locations":[{"start":{"line":124,"column":4},"end":{"line":124,"column":null}},{"start":{"line":125,"column":4},"end":{"line":125,"column":null}}],"line":124},"17":{"loc":{"start":{"line":131,"column":2},"end":{"line":131,"column":null}},"type":"if","locations":[{"start":{"line":131,"column":2},"end":{"line":131,"column":null}},{"start":{},"end":{}}],"line":131},"18":{"loc":{"start":{"line":133,"column":4},"end":{"line":135,"column":null}},"type":"if","locations":[{"start":{"line":133,"column":4},"end":{"line":135,"column":null}},{"start":{},"end":{}}],"line":133},"19":{"loc":{"start":{"line":133,"column":8},"end":{"line":133,"column":56}},"type":"binary-expr","locations":[{"start":{"line":133,"column":8},"end":{"line":133,"column":33}},{"start":{"line":133,"column":33},"end":{"line":133,"column":56}}],"line":133},"20":{"loc":{"start":{"line":139,"column":2},"end":{"line":147,"column":null}},"type":"if","locations":[{"start":{"line":139,"column":2},"end":{"line":147,"column":null}},{"start":{},"end":{}}],"line":139},"21":{"loc":{"start":{"line":140,"column":4},"end":{"line":146,"column":null}},"type":"if","locations":[{"start":{"line":140,"column":4},"end":{"line":146,"column":null}},{"start":{},"end":{}}],"line":140},"22":{"loc":{"start":{"line":141,"column":6},"end":{"line":143,"column":null}},"type":"binary-expr","locations":[{"start":{"line":141,"column":6},"end":{"line":141,"column":null}},{"start":{"line":142,"column":6},"end":{"line":142,"column":null}},{"start":{"line":143,"column":6},"end":{"line":143,"column":null}}],"line":141},"23":{"loc":{"start":{"line":150,"column":2},"end":{"line":152,"column":null}},"type":"if","locations":[{"start":{"line":150,"column":2},"end":{"line":152,"column":null}},{"start":{},"end":{}}],"line":150},"24":{"loc":{"start":{"line":150,"column":6},"end":{"line":150,"column":79}},"type":"binary-expr","locations":[{"start":{"line":150,"column":6},"end":{"line":150,"column":38}},{"start":{"line":150,"column":38},"end":{"line":150,"column":79}}],"line":150},"25":{"loc":{"start":{"line":164,"column":2},"end":{"line":166,"column":null}},"type":"if","locations":[{"start":{"line":164,"column":2},"end":{"line":166,"column":null}},{"start":{},"end":{}}],"line":164},"26":{"loc":{"start":{"line":169,"column":2},"end":{"line":171,"column":null}},"type":"if","locations":[{"start":{"line":169,"column":2},"end":{"line":171,"column":null}},{"start":{},"end":{}}],"line":169},"27":{"loc":{"start":{"line":175,"column":2},"end":{"line":177,"column":null}},"type":"if","locations":[{"start":{"line":175,"column":2},"end":{"line":177,"column":null}},{"start":{},"end":{}}],"line":175},"28":{"loc":{"start":{"line":178,"column":2},"end":{"line":180,"column":null}},"type":"if","locations":[{"start":{"line":178,"column":2},"end":{"line":180,"column":null}},{"start":{},"end":{}}],"line":178},"29":{"loc":{"start":{"line":181,"column":2},"end":{"line":183,"column":null}},"type":"if","locations":[{"start":{"line":181,"column":2},"end":{"line":183,"column":null}},{"start":{},"end":{}}],"line":181},"30":{"loc":{"start":{"line":184,"column":2},"end":{"line":186,"column":null}},"type":"if","locations":[{"start":{"line":184,"column":2},"end":{"line":186,"column":null}},{"start":{},"end":{}}],"line":184},"31":{"loc":{"start":{"line":187,"column":2},"end":{"line":189,"column":null}},"type":"if","locations":[{"start":{"line":187,"column":2},"end":{"line":189,"column":null}},{"start":{},"end":{}}],"line":187},"32":{"loc":{"start":{"line":192,"column":2},"end":{"line":194,"column":null}},"type":"if","locations":[{"start":{"line":192,"column":2},"end":{"line":194,"column":null}},{"start":{},"end":{}}],"line":192},"33":{"loc":{"start":{"line":197,"column":2},"end":{"line":202,"column":null}},"type":"if","locations":[{"start":{"line":197,"column":2},"end":{"line":202,"column":null}},{"start":{},"end":{}}],"line":197},"34":{"loc":{"start":{"line":207,"column":4},"end":{"line":209,"column":null}},"type":"if","locations":[{"start":{"line":207,"column":4},"end":{"line":209,"column":null}},{"start":{},"end":{}}],"line":207},"35":{"loc":{"start":{"line":252,"column":2},"end":{"line":252,"column":null}},"type":"default-arg","locations":[{"start":{"line":252,"column":29},"end":{"line":252,"column":null}}],"line":252},"36":{"loc":{"start":{"line":280,"column":17},"end":{"line":280,"column":null}},"type":"cond-expr","locations":[{"start":{"line":280,"column":38},"end":{"line":280,"column":64}},{"start":{"line":280,"column":64},"end":{"line":280,"column":null}}],"line":280}},"s":{"0":1,"1":1,"2":23,"3":23,"4":14,"5":60,"6":26,"7":5,"8":0,"9":5,"10":1,"11":4,"12":0,"13":4,"14":4,"15":0,"16":4,"17":10,"18":0,"19":10,"20":0,"21":10,"22":0,"23":10,"24":26,"25":2,"26":8,"27":1,"28":7,"29":6,"30":1,"31":6,"32":6,"33":6,"34":6,"35":0,"36":6,"37":2,"38":2,"39":1,"40":5,"41":1,"42":4,"43":16,"44":3,"45":13,"46":1,"47":12,"48":12,"49":1,"50":11,"51":0,"52":11,"53":0,"54":11,"55":0,"56":11,"57":0,"58":11,"59":0,"60":11,"61":1,"62":10,"63":10,"64":10,"65":10,"66":6,"67":4,"68":1,"69":1,"70":28,"71":8,"72":8,"73":16,"74":16,"75":16,"76":16,"77":16,"78":16},"f":{"0":23,"1":23,"2":14,"3":60,"4":26,"5":5,"6":4,"7":10,"8":6,"9":2,"10":16,"11":1,"12":28,"13":8,"14":16,"15":16},"b":{"0":[0,23],"1":[14],"2":[60,57,56],"3":[26,26,25],"4":[0,5],"5":[1,4],"6":[0,4],"7":[0,4],"8":[4,4],"9":[0,10],"10":[0,10],"11":[0,10],"12":[2,24],"13":[1,7],"14":[8,8],"15":[1,6],"16":[7,6],"17":[0,6],"18":[0,6],"19":[6,6],"20":[2,4],"21":[1,1],"22":[2,2,1],"23":[1,4],"24":[5,5],"25":[3,13],"26":[1,12],"27":[1,11],"28":[0,11],"29":[0,11],"30":[0,11],"31":[0,11],"32":[0,11],"33":[1,10],"34":[6,4],"35":[8],"36":[0,16]},"meta":{"lastBranch":37,"lastFunction":16,"lastStatement":79,"seen":{"s:25:44:31:Infinity":0,"s:33:52:37:Infinity":1,"f:44:9:44:29":0,"s:45:2:53:Infinity":2,"b:51:33:51:56:51:56:51:Infinity":0,"f:52:29:52:30":1,"s:52:37:52:73":3,"f:64:16:64:Infinity":2,"b:67:16:67:Infinity":1,"s:69:2:78:Infinity":4,"f:84:9:84:18":3,"s:85:2:85:Infinity":5,"b:85:9:85:38:85:38:85:56:85:56:85:Infinity":2,"f:89:9:89:28":4,"s:90:2:90:Infinity":6,"b:90:9:90:34:90:34:90:44:90:44:90:Infinity":3,"f:94:9:94:28":5,"b:95:2:95:Infinity:undefined:undefined:undefined:undefined":4,"s:95:2:95:Infinity":7,"s:95:20:95:Infinity":8,"b:96:2:96:Infinity:undefined:undefined:undefined:undefined":5,"s:96:2:96:Infinity":9,"s:96:34:96:Infinity":10,"b:97:2:97:Infinity:undefined:undefined:undefined:undefined":6,"s:97:2:97:Infinity":11,"s:97:34:97:Infinity":12,"b:98:2:99:Infinity:undefined:undefined:undefined:undefined":7,"s:98:2:99:Infinity":13,"b:98:6:98:36:98:36:98:Infinity":8,"f:98:54:98:55":6,"s:98:70:98:91":14,"s:99:4:99:Infinity":15,"s:100:2:100:Infinity":16,"f:104:9:104:23":7,"b:105:2:105:Infinity:undefined:undefined:undefined:undefined":9,"s:105:2:105:Infinity":17,"s:105:24:105:Infinity":18,"b:107:2:107:Infinity:undefined:undefined:undefined:undefined":10,"s:107:2:107:Infinity":19,"s:107:36:107:Infinity":20,"b:110:2:110:Infinity:undefined:undefined:undefined:undefined":11,"s:110:2:110:Infinity":21,"s:110:31:110:Infinity":22,"s:111:2:115:Infinity":23,"b:112:4:114:Infinity:undefined:undefined:undefined:undefined":12,"s:112:4:114:Infinity":24,"s:113:6:113:Infinity":25,"b:118:2:120:Infinity:undefined:undefined:undefined:undefined":13,"s:118:2:120:Infinity":26,"b:118:6:118:43:118:43:118:79":14,"s:119:4:119:Infinity":27,"b:123:2:128:Infinity:undefined:undefined:undefined:undefined":15,"s:123:2:128:Infinity":28,"b:124:4:124:Infinity:125:4:125:Infinity":16,"f:125:27:125:28":8,"s:125:43:125:64":29,"s:127:4:127:Infinity":30,"b:131:2:131:Infinity:undefined:undefined:undefined:undefined":17,"s:131:2:131:Infinity":31,"s:131:30:131:Infinity":32,"s:132:2:136:Infinity":33,"b:133:4:135:Infinity:undefined:undefined:undefined:undefined":18,"s:133:4:135:Infinity":34,"b:133:8:133:33:133:33:133:56":19,"s:134:6:134:Infinity":35,"b:139:2:147:Infinity:undefined:undefined:undefined:undefined":20,"s:139:2:147:Infinity":36,"b:140:4:146:Infinity:undefined:undefined:undefined:undefined":21,"s:140:4:146:Infinity":37,"b:141:6:141:Infinity:142:6:142:Infinity:143:6:143:Infinity":22,"f:143:29:143:30":9,"s:143:45:143:66":38,"s:145:6:145:Infinity":39,"b:150:2:152:Infinity:undefined:undefined:undefined:undefined":23,"s:150:2:152:Infinity":40,"b:150:6:150:38:150:38:150:79":24,"s:151:4:151:Infinity":41,"s:154:2:154:Infinity":42,"f:163:16:163:32":10,"b:164:2:166:Infinity:undefined:undefined:undefined:undefined":25,"s:164:2:166:Infinity":43,"s:165:4:165:Infinity":44,"b:169:2:171:Infinity:undefined:undefined:undefined:undefined":26,"s:169:2:171:Infinity":45,"s:170:4:170:Infinity":46,"s:173:17:173:Infinity":47,"b:175:2:177:Infinity:undefined:undefined:undefined:undefined":27,"s:175:2:177:Infinity":48,"s:176:4:176:Infinity":49,"b:178:2:180:Infinity:undefined:undefined:undefined:undefined":28,"s:178:2:180:Infinity":50,"s:179:4:179:Infinity":51,"b:181:2:183:Infinity:undefined:undefined:undefined:undefined":29,"s:181:2:183:Infinity":52,"s:182:4:182:Infinity":53,"b:184:2:186:Infinity:undefined:undefined:undefined:undefined":30,"s:184:2:186:Infinity":54,"s:185:4:185:Infinity":55,"b:187:2:189:Infinity:undefined:undefined:undefined:undefined":31,"s:187:2:189:Infinity":56,"s:188:4:188:Infinity":57,"b:192:2:194:Infinity:undefined:undefined:undefined:undefined":32,"s:192:2:194:Infinity":58,"s:193:4:193:Infinity":59,"b:197:2:202:Infinity:undefined:undefined:undefined:undefined":33,"s:197:2:202:Infinity":60,"s:198:4:201:Infinity":61,"s:205:2:210:Infinity":62,"s:205:15:205:18":63,"s:206:23:206:Infinity":64,"b:207:4:209:Infinity:undefined:undefined:undefined:undefined":34,"s:207:4:209:Infinity":65,"s:208:6:208:Infinity":66,"s:212:2:212:Infinity":67,"f:222:16:222:31":11,"s:224:2:224:Infinity":68,"s:229:22:229:Infinity":69,"f:232:16:232:45":12,"s:233:2:233:Infinity":70,"f:249:16:249:Infinity":13,"b:252:29:252:Infinity":35,"s:254:42:254:Infinity":71,"s:256:2:284:Infinity":72,"f:256:25:256:26":14,"s:258:18:258:Infinity":73,"s:259:17:259:Infinity":74,"s:260:20:260:Infinity":75,"s:261:20:261:Infinity":76,"s:263:4:283:Infinity":77,"b:280:38:280:64:280:64:280:Infinity":36,"f:282:34:282:35":15,"s:282:42:282:78":78}}}
,"/home/caryb/.atelier/worktrees/echo-echo/autopilot-1777687442672/src/engine/dna-mutation.ts": {"path":"/home/caryb/.atelier/worktrees/echo-echo/autopilot-1777687442672/src/engine/dna-mutation.ts","statementMap":{"0":{"start":{"line":17,"column":2},"end":{"line":17,"column":null}},"1":{"start":{"line":21,"column":23},"end":{"line":32,"column":null}},"2":{"start":{"line":33,"column":23},"end":{"line":44,"column":null}},"3":{"start":{"line":45,"column":26},"end":{"line":56,"column":null}},"4":{"start":{"line":57,"column":25},"end":{"line":68,"column":null}},"5":{"start":{"line":69,"column":28},"end":{"line":80,"column":null}},"6":{"start":{"line":81,"column":27},"end":{"line":92,"column":null}},"7":{"start":{"line":96,"column":16},"end":{"line":96,"column":null}},"8":{"start":{"line":97,"column":2},"end":{"line":97,"column":null}},"9":{"start":{"line":97,"column":40},"end":{"line":97,"column":78}},"10":{"start":{"line":105,"column":20},"end":{"line":105,"column":null}},"11":{"start":{"line":106,"column":20},"end":{"line":106,"column":null}},"12":{"start":{"line":107,"column":23},"end":{"line":107,"column":null}},"13":{"start":{"line":108,"column":22},"end":{"line":108,"column":null}},"14":{"start":{"line":109,"column":25},"end":{"line":109,"column":null}},"15":{"start":{"line":110,"column":24},"end":{"line":110,"column":null}},"16":{"start":{"line":113,"column":2},"end":{"line":113,"column":null}},"17":{"start":{"line":114,"column":2},"end":{"line":116,"column":null}},"18":{"start":{"line":117,"column":2},"end":{"line":119,"column":null}},"19":{"start":{"line":122,"column":18},"end":{"line":122,"column":null}},"20":{"start":{"line":123,"column":2},"end":{"line":123,"column":null}},"21":{"start":{"line":126,"column":2},"end":{"line":126,"column":null}},"22":{"start":{"line":129,"column":2},"end":{"line":131,"column":null}},"23":{"start":{"line":130,"column":4},"end":{"line":130,"column":null}},"24":{"start":{"line":134,"column":2},"end":{"line":134,"column":null}},"25":{"start":{"line":135,"column":2},"end":{"line":135,"column":null}},"26":{"start":{"line":143,"column":36},"end":{"line":143,"column":null}},"27":{"start":{"line":145,"column":2},"end":{"line":150,"column":null}},"28":{"start":{"line":146,"column":14},"end":{"line":146,"column":null}},"29":{"start":{"line":147,"column":4},"end":{"line":149,"column":null}},"30":{"start":{"line":148,"column":6},"end":{"line":148,"column":null}},"31":{"start":{"line":153,"column":2},"end":{"line":153,"column":null}},"32":{"start":{"line":154,"column":2},"end":{"line":156,"column":null}},"33":{"start":{"line":155,"column":4},"end":{"line":155,"column":null}},"34":{"start":{"line":159,"column":2},"end":{"line":161,"column":null}},"35":{"start":{"line":160,"column":4},"end":{"line":160,"column":null}},"36":{"start":{"line":164,"column":2},"end":{"line":164,"column":null}},"37":{"start":{"line":167,"column":2},"end":{"line":167,"column":null}},"38":{"start":{"line":168,"column":2},"end":{"line":168,"column":null}}},"fnMap":{"0":{"name":"clamp01","decl":{"start":{"line":16,"column":9},"end":{"line":16,"column":17}},"loc":{"start":{"line":16,"column":40},"end":{"line":18,"column":null}},"line":16},"1":{"name":"countKeywordHits","decl":{"start":{"line":95,"column":9},"end":{"line":95,"column":26}},"loc":{"start":{"line":95,"column":68},"end":{"line":98,"column":null}},"line":95},"2":{"name":"(anonymous_2)","decl":{"start":{"line":97,"column":25},"end":{"line":97,"column":26}},"loc":{"start":{"line":97,"column":40},"end":{"line":97,"column":78}},"line":97},"3":{"name":"mutateAgentFromText","decl":{"start":{"line":104,"column":16},"end":{"line":104,"column":36}},"loc":{"start":{"line":104,"column":95},"end":{"line":136,"column":null}},"line":104},"4":{"name":"applyDNAUpdate","decl":{"start":{"line":142,"column":16},"end":{"line":142,"column":31}},"loc":{"start":{"line":142,"column":70},"end":{"line":169,"column":null}},"line":142}},"branchMap":{"0":{"loc":{"start":{"line":97,"column":49},"end":{"line":97,"column":78}},"type":"cond-expr","locations":[{"start":{"line":97,"column":70},"end":{"line":97,"column":74}},{"start":{"line":97,"column":74},"end":{"line":97,"column":78}}],"line":97},"1":{"loc":{"start":{"line":104,"column":67},"end":{"line":104,"column":95}},"type":"default-arg","locations":[{"start":{"line":104,"column":83},"end":{"line":104,"column":95}}],"line":104},"2":{"loc":{"start":{"line":129,"column":2},"end":{"line":131,"column":null}},"type":"if","locations":[{"start":{"line":129,"column":2},"end":{"line":131,"column":null}},{"start":{},"end":{}}],"line":129},"3":{"loc":{"start":{"line":147,"column":4},"end":{"line":149,"column":null}},"type":"if","locations":[{"start":{"line":147,"column":4},"end":{"line":149,"column":null}},{"start":{},"end":{}}],"line":147},"4":{"loc":{"start":{"line":154,"column":2},"end":{"line":156,"column":null}},"type":"if","locations":[{"start":{"line":154,"column":2},"end":{"line":156,"column":null}},{"start":{},"end":{}}],"line":154}},"s":{"0":98,"1":8,"2":8,"3":8,"4":8,"5":8,"6":8,"7":186,"8":186,"9":1860,"10":31,"11":31,"12":31,"13":31,"14":31,"15":31,"16":31,"17":31,"18":31,"19":31,"20":31,"21":31,"22":31,"23":5,"24":31,"25":31,"26":8,"27":8,"28":24,"29":24,"30":5,"31":8,"32":8,"33":0,"34":8,"35":8,"36":8,"37":8,"38":8},"f":{"0":98,"1":186,"2":1860,"3":31,"4":8},"b":{"0":[81,1779],"1":[31],"2":[5,26],"3":[5,19],"4":[0,8]},"meta":{"lastBranch":5,"lastFunction":5,"lastStatement":39,"seen":{"f:16:9:16:17":0,"s:17:2:17:Infinity":0,"s:21:23:32:Infinity":1,"s:33:23:44:Infinity":2,"s:45:26:56:Infinity":3,"s:57:25:68:Infinity":4,"s:69:28:80:Infinity":5,"s:81:27:92:Infinity":6,"f:95:9:95:26":1,"s:96:16:96:Infinity":7,"s:97:2:97:Infinity":8,"f:97:25:97:26":2,"s:97:40:97:78":9,"b:97:70:97:74:97:74:97:78":0,"f:104:16:104:36":3,"b:104:83:104:95":1,"s:105:20:105:Infinity":10,"s:106:20:106:Infinity":11,"s:107:23:107:Infinity":12,"s:108:22:108:Infinity":13,"s:109:25:109:Infinity":14,"s:110:24:110:Infinity":15,"s:113:2:113:Infinity":16,"s:114:2:116:Infinity":17,"s:117:2:119:Infinity":18,"s:122:18:122:Infinity":19,"s:123:2:123:Infinity":20,"s:126:2:126:Infinity":21,"b:129:2:131:Infinity:undefined:undefined:undefined:undefined":2,"s:129:2:131:Infinity":22,"s:130:4:130:Infinity":23,"s:134:2:134:Infinity":24,"s:135:2:135:Infinity":25,"f:142:16:142:31":4,"s:143:36:143:Infinity":26,"s:145:2:150:Infinity":27,"s:146:14:146:Infinity":28,"b:147:4:149:Infinity:undefined:undefined:undefined:undefined":3,"s:147:4:149:Infinity":29,"s:148:6:148:Infinity":30,"s:153:2:153:Infinity":31,"b:154:2:156:Infinity:undefined:undefined:undefined:undefined":4,"s:154:2:156:Infinity":32,"s:155:4:155:Infinity":33,"s:159:2:161:Infinity":34,"s:160:4:160:Infinity":35,"s:164:2:164:Infinity":36,"s:167:2:167:Infinity":37,"s:168:2:168:Infinity":38}}}
,"/home/caryb/.atelier/worktrees/echo-echo/autopilot-1777687442672/src/engine/dna-parser.ts": {"path":"/home/caryb/.atelier/worktrees/echo-echo/autopilot-1777687442672/src/engine/dna-parser.ts","statementMap":{"0":{"start":{"line":10,"column":41},"end":{"line":14,"column":null}},"1":{"start":{"line":17,"column":18},"end":{"line":17,"column":null}},"2":{"start":{"line":25,"column":21},"end":{"line":25,"column":null}},"3":{"start":{"line":26,"column":2},"end":{"line":28,"column":null}},"4":{"start":{"line":27,"column":4},"end":{"line":27,"column":null}},"5":{"start":{"line":31,"column":21},"end":{"line":31,"column":null}},"6":{"start":{"line":32,"column":20},"end":{"line":32,"column":null}},"7":{"start":{"line":33,"column":2},"end":{"line":35,"column":null}},"8":{"start":{"line":34,"column":4},"end":{"line":34,"column":null}},"9":{"start":{"line":37,"column":2},"end":{"line":37,"column":null}},"10":{"start":{"line":42,"column":2},"end":{"line":42,"column":null}},"11":{"start":{"line":52,"column":2},"end":{"line":100,"column":null}},"12":{"start":{"line":53,"column":20},"end":{"line":53,"column":null}},"13":{"start":{"line":54,"column":4},"end":{"line":54,"column":null}},"14":{"start":{"line":54,"column":18},"end":{"line":54,"column":null}},"15":{"start":{"line":56,"column":28},"end":{"line":56,"column":null}},"16":{"start":{"line":57,"column":4},"end":{"line":57,"column":null}},"17":{"start":{"line":57,"column":55},"end":{"line":57,"column":null}},"18":{"start":{"line":59,"column":16},"end":{"line":59,"column":null}},"19":{"start":{"line":62,"column":44},"end":{"line":62,"column":null}},"20":{"start":{"line":63,"column":4},"end":{"line":71,"column":null}},"21":{"start":{"line":64,"column":23},"end":{"line":64,"column":null}},"22":{"start":{"line":65,"column":6},"end":{"line":70,"column":null}},"23":{"start":{"line":66,"column":20},"end":{"line":66,"column":null}},"24":{"start":{"line":67,"column":8},"end":{"line":69,"column":null}},"25":{"start":{"line":68,"column":10},"end":{"line":68,"column":null}},"26":{"start":{"line":74,"column":28},"end":{"line":74,"column":null}},"27":{"start":{"line":75,"column":4},"end":{"line":79,"column":null}},"28":{"start":{"line":76,"column":6},"end":{"line":78,"column":null}},"29":{"start":{"line":77,"column":44},"end":{"line":77,"column":69}},"30":{"start":{"line":81,"column":4},"end":{"line":81,"column":null}},"31":{"start":{"line":81,"column":30},"end":{"line":81,"column":null}},"32":{"start":{"line":84,"column":45},"end":{"line":84,"column":null}},"33":{"start":{"line":85,"column":4},"end":{"line":94,"column":null}},"34":{"start":{"line":86,"column":23},"end":{"line":86,"column":null}},"35":{"start":{"line":87,"column":23},"end":{"line":87,"column":null}},"36":{"start":{"line":88,"column":6},"end":{"line":93,"column":null}},"37":{"start":{"line":89,"column":8},"end":{"line":92,"column":null}},"38":{"start":{"line":90,"column":10},"end":{"line":90,"column":null}},"39":{"start":{"line":91,"column":10},"end":{"line":91,"column":null}},"40":{"start":{"line":96,"column":4},"end":{"line":96,"column":null}},"41":{"start":{"line":99,"column":4},"end":{"line":99,"column":null}}},"fnMap":{"0":{"name":"extractJSON","decl":{"start":{"line":23,"column":9},"end":{"line":23,"column":21}},"loc":{"start":{"line":23,"column":49},"end":{"line":38,"column":null}},"line":23},"1":{"name":"clampDelta","decl":{"start":{"line":41,"column":9},"end":{"line":41,"column":20}},"loc":{"start":{"line":41,"column":43},"end":{"line":43,"column":null}},"line":41},"2":{"name":"parseDNAResponse","decl":{"start":{"line":51,"column":16},"end":{"line":51,"column":33}},"loc":{"start":{"line":51,"column":73},"end":{"line":101,"column":null}},"line":51},"3":{"name":"(anonymous_3)","decl":{"start":{"line":77,"column":16},"end":{"line":77,"column":17}},"loc":{"start":{"line":77,"column":44},"end":{"line":77,"column":69}},"line":77}},"branchMap":{"0":{"loc":{"start":{"line":26,"column":2},"end":{"line":28,"column":null}},"type":"if","locations":[{"start":{"line":26,"column":2},"end":{"line":28,"column":null}},{"start":{},"end":{}}],"line":26},"1":{"loc":{"start":{"line":33,"column":2},"end":{"line":35,"column":null}},"type":"if","locations":[{"start":{"line":33,"column":2},"end":{"line":35,"column":null}},{"start":{},"end":{}}],"line":33},"2":{"loc":{"start":{"line":33,"column":6},"end":{"line":33,"column":51}},"type":"binary-expr","locations":[{"start":{"line":33,"column":6},"end":{"line":33,"column":27}},{"start":{"line":33,"column":27},"end":{"line":33,"column":51}}],"line":33},"3":{"loc":{"start":{"line":54,"column":4},"end":{"line":54,"column":null}},"type":"if","locations":[{"start":{"line":54,"column":4},"end":{"line":54,"column":null}},{"start":{},"end":{}}],"line":54},"4":{"loc":{"start":{"line":57,"column":4},"end":{"line":57,"column":null}},"type":"if","locations":[{"start":{"line":57,"column":4},"end":{"line":57,"column":null}},{"start":{},"end":{}}],"line":57},"5":{"loc":{"start":{"line":57,"column":8},"end":{"line":57,"column":55}},"type":"binary-expr","locations":[{"start":{"line":57,"column":8},"end":{"line":57,"column":38}},{"start":{"line":57,"column":38},"end":{"line":57,"column":55}}],"line":57},"6":{"loc":{"start":{"line":63,"column":4},"end":{"line":71,"column":null}},"type":"if","locations":[{"start":{"line":63,"column":4},"end":{"line":71,"column":null}},{"start":{},"end":{}}],"line":63},"7":{"loc":{"start":{"line":63,"column":8},"end":{"line":63,"column":73}},"type":"binary-expr","locations":[{"start":{"line":63,"column":8},"end":{"line":63,"column":47}},{"start":{"line":63,"column":47},"end":{"line":63,"column":73}}],"line":63},"8":{"loc":{"start":{"line":67,"column":8},"end":{"line":69,"column":null}},"type":"if","locations":[{"start":{"line":67,"column":8},"end":{"line":69,"column":null}},{"start":{},"end":{}}],"line":67},"9":{"loc":{"start":{"line":67,"column":12},"end":{"line":67,"column":59}},"type":"binary-expr","locations":[{"start":{"line":67,"column":12},"end":{"line":67,"column":39}},{"start":{"line":67,"column":39},"end":{"line":67,"column":59}}],"line":67},"10":{"loc":{"start":{"line":75,"column":4},"end":{"line":79,"column":null}},"type":"if","locations":[{"start":{"line":75,"column":4},"end":{"line":79,"column":null}},{"start":{},"end":{}}],"line":75},"11":{"loc":{"start":{"line":81,"column":4},"end":{"line":81,"column":null}},"type":"if","locations":[{"start":{"line":81,"column":4},"end":{"line":81,"column":null}},{"start":{},"end":{}}],"line":81},"12":{"loc":{"start":{"line":85,"column":4},"end":{"line":94,"column":null}},"type":"if","locations":[{"start":{"line":85,"column":4},"end":{"line":94,"column":null}},{"start":{},"end":{}}],"line":85},"13":{"loc":{"start":{"line":85,"column":8},"end":{"line":85,"column":67}},"type":"binary-expr","locations":[{"start":{"line":85,"column":8},"end":{"line":85,"column":44}},{"start":{"line":85,"column":44},"end":{"line":85,"column":67}}],"line":85},"14":{"loc":{"start":{"line":89,"column":8},"end":{"line":92,"column":null}},"type":"if","locations":[{"start":{"line":89,"column":8},"end":{"line":92,"column":null}},{"start":{},"end":{}}],"line":89},"15":{"loc":{"start":{"line":89,"column":12},"end":{"line":89,"column":55}},"type":"binary-expr","locations":[{"start":{"line":89,"column":12},"end":{"line":89,"column":39}},{"start":{"line":89,"column":39},"end":{"line":89,"column":55}}],"line":89}},"s":{"0":4,"1":4,"2":17,"3":17,"4":1,"5":16,"6":16,"7":16,"8":14,"9":2,"10":13,"11":17,"12":17,"13":17,"14":2,"15":15,"16":15,"17":0,"18":15,"19":15,"20":15,"21":15,"22":15,"23":45,"24":45,"25":13,"26":15,"27":15,"28":15,"29":17,"30":15,"31":1,"32":14,"33":14,"34":14,"35":14,"36":14,"37":9,"38":7,"39":7,"40":14,"41":0},"f":{"0":17,"1":13,"2":17,"3":17},"b":{"0":[1,16],"1":[14,2],"2":[16,14],"3":[2,15],"4":[0,15],"5":[15,15],"6":[15,0],"7":[15,15],"8":[13,32],"9":[45,13],"10":[15,0],"11":[1,14],"12":[14,0],"13":[14,14],"14":[7,2],"15":[9,9]},"meta":{"lastBranch":16,"lastFunction":4,"lastStatement":42,"seen":{"s:10:41:14:Infinity":0,"s:17:18:17:Infinity":1,"f:23:9:23:21":0,"s:25:21:25:Infinity":2,"b:26:2:28:Infinity:undefined:undefined:undefined:undefined":0,"s:26:2:28:Infinity":3,"s:27:4:27:Infinity":4,"s:31:21:31:Infinity":5,"s:32:20:32:Infinity":6,"b:33:2:35:Infinity:undefined:undefined:undefined:undefined":1,"s:33:2:35:Infinity":7,"b:33:6:33:27:33:27:33:51":2,"s:34:4:34:Infinity":8,"s:37:2:37:Infinity":9,"f:41:9:41:20":1,"s:42:2:42:Infinity":10,"f:51:16:51:33":2,"s:52:2:100:Infinity":11,"s:53:20:53:Infinity":12,"b:54:4:54:Infinity:undefined:undefined:undefined:undefined":3,"s:54:4:54:Infinity":13,"s:54:18:54:Infinity":14,"s:56:28:56:Infinity":15,"b:57:4:57:Infinity:undefined:undefined:undefined:undefined":4,"s:57:4:57:Infinity":16,"b:57:8:57:38:57:38:57:55":5,"s:57:55:57:Infinity":17,"s:59:16:59:Infinity":18,"s:62:44:62:Infinity":19,"b:63:4:71:Infinity:undefined:undefined:undefined:undefined":6,"s:63:4:71:Infinity":20,"b:63:8:63:47:63:47:63:73":7,"s:64:23:64:Infinity":21,"s:65:6:70:Infinity":22,"s:66:20:66:Infinity":23,"b:67:8:69:Infinity:undefined:undefined:undefined:undefined":8,"s:67:8:69:Infinity":24,"b:67:12:67:39:67:39:67:59":9,"s:68:10:68:Infinity":25,"s:74:28:74:Infinity":26,"b:75:4:79:Infinity:undefined:undefined:undefined:undefined":10,"s:75:4:79:Infinity":27,"s:76:6:78:Infinity":28,"f:77:16:77:17":3,"s:77:44:77:69":29,"b:81:4:81:Infinity:undefined:undefined:undefined:undefined":11,"s:81:4:81:Infinity":30,"s:81:30:81:Infinity":31,"s:84:45:84:Infinity":32,"b:85:4:94:Infinity:undefined:undefined:undefined:undefined":12,"s:85:4:94:Infinity":33,"b:85:8:85:44:85:44:85:67":13,"s:86:23:86:Infinity":34,"s:87:23:87:Infinity":35,"s:88:6:93:Infinity":36,"b:89:8:92:Infinity:undefined:undefined:undefined:undefined":14,"s:89:8:92:Infinity":37,"b:89:12:89:39:89:39:89:55":15,"s:90:10:90:Infinity":38,"s:91:10:91:Infinity":39,"s:96:4:96:Infinity":40,"s:99:4:99:Infinity":41}}}
,"/home/caryb/.atelier/worktrees/echo-echo/autopilot-1777687442672/src/engine/faction-warfare.ts": {"path":"/home/caryb/.atelier/worktrees/echo-echo/autopilot-1777687442672/src/engine/faction-warfare.ts","statementMap":{"0":{"start":{"line":19,"column":36},"end":{"line":19,"column":null}},"1":{"start":{"line":27,"column":2},"end":{"line":32,"column":null}},"2":{"start":{"line":27,"column":44},"end":{"line":32,"column":4}},"3":{"start":{"line":50,"column":17},"end":{"line":50,"column":null}},"4":{"start":{"line":51,"column":2},"end":{"line":55,"column":null}},"5":{"start":{"line":52,"column":4},"end":{"line":54,"column":null}},"6":{"start":{"line":53,"column":6},"end":{"line":53,"column":null}},"7":{"start":{"line":58,"column":27},"end":{"line":58,"column":null}},"8":{"start":{"line":59,"column":2},"end":{"line":64,"column":null}},"9":{"start":{"line":60,"column":4},"end":{"line":63,"column":null}},"10":{"start":{"line":66,"column":2},"end":{"line":81,"column":null}},"11":{"start":{"line":67,"column":23},"end":{"line":67,"column":null}},"12":{"start":{"line":68,"column":27},"end":{"line":68,"column":null}},"13":{"start":{"line":71,"column":26},"end":{"line":71,"column":null}},"14":{"start":{"line":72,"column":25},"end":{"line":72,"column":null}},"15":{"start":{"line":73,"column":24},"end":{"line":73,"column":null}},"16":{"start":{"line":75,"column":4},"end":{"line":80,"column":null}},"17":{"start":{"line":96,"column":22},"end":{"line":96,"column":null}},"18":{"start":{"line":99,"column":2},"end":{"line":101,"column":null}},"19":{"start":{"line":100,"column":4},"end":{"line":100,"column":null}},"20":{"start":{"line":103,"column":2},"end":{"line":103,"column":null}},"21":{"start":{"line":103,"column":27},"end":{"line":103,"column":null}},"22":{"start":{"line":106,"column":17},"end":{"line":106,"column":null}},"23":{"start":{"line":107,"column":2},"end":{"line":109,"column":null}},"24":{"start":{"line":108,"column":4},"end":{"line":108,"column":null}},"25":{"start":{"line":112,"column":21},"end":{"line":112,"column":null}},"26":{"start":{"line":114,"column":2},"end":{"line":119,"column":null}},"27":{"start":{"line":116,"column":18},"end":{"line":116,"column":null}},"28":{"start":{"line":117,"column":23},"end":{"line":117,"column":null}},"29":{"start":{"line":118,"column":4},"end":{"line":118,"column":null}},"30":{"start":{"line":121,"column":2},"end":{"line":121,"column":null}},"31":{"start":{"line":135,"column":2},"end":{"line":143,"column":null}},"32":{"start":{"line":159,"column":2},"end":{"line":161,"column":null}},"33":{"start":{"line":160,"column":4},"end":{"line":160,"column":null}},"34":{"start":{"line":163,"column":2},"end":{"line":163,"column":null}},"35":{"start":{"line":164,"column":2},"end":{"line":164,"column":null}},"36":{"start":{"line":165,"column":2},"end":{"line":165,"column":null}},"37":{"start":{"line":167,"column":2},"end":{"line":167,"column":null}},"38":{"start":{"line":174,"column":2},"end":{"line":174,"column":null}},"39":{"start":{"line":182,"column":17},"end":{"line":182,"column":null}},"40":{"start":{"line":183,"column":2},"end":{"line":187,"column":null}},"41":{"start":{"line":184,"column":4},"end":{"line":186,"column":null}},"42":{"start":{"line":185,"column":6},"end":{"line":185,"column":null}},"43":{"start":{"line":189,"column":31},"end":{"line":189,"column":null}},"44":{"start":{"line":190,"column":2},"end":{"line":194,"column":null}},"45":{"start":{"line":191,"column":4},"end":{"line":193,"column":null}},"46":{"start":{"line":192,"column":6},"end":{"line":192,"column":null}},"47":{"start":{"line":196,"column":2},"end":{"line":196,"column":null}}},"fnMap":{"0":{"name":"createInitialFactionProgress","decl":{"start":{"line":26,"column":16},"end":{"line":26,"column":66}},"loc":{"start":{"line":26,"column":66},"end":{"line":33,"column":null}},"line":26},"1":{"name":"(anonymous_1)","decl":{"start":{"line":27,"column":30},"end":{"line":27,"column":31}},"loc":{"start":{"line":27,"column":44},"end":{"line":32,"column":4}},"line":27},"2":{"name":"computeFactionProgress","decl":{"start":{"line":43,"column":16},"end":{"line":43,"column":null}},"loc":{"start":{"line":48,"column":21},"end":{"line":82,"column":null}},"line":48},"3":{"name":"(anonymous_3)","decl":{"start":{"line":66,"column":29},"end":{"line":66,"column":30}},"loc":{"start":{"line":66,"column":37},"end":{"line":81,"column":3}},"line":66},"4":{"name":"applyComputeBoost","decl":{"start":{"line":92,"column":16},"end":{"line":92,"column":null}},"loc":{"start":{"line":95,"column":24},"end":{"line":122,"column":null}},"line":95},"5":{"name":"startManifestoDefusal","decl":{"start":{"line":129,"column":16},"end":{"line":129,"column":null}},"loc":{"start":{"line":134,"column":20},"end":{"line":144,"column":null}},"line":134},"6":{"name":"contributeToDefusal","decl":{"start":{"line":152,"column":16},"end":{"line":152,"column":null}},"loc":{"start":{"line":157,"column":11},"end":{"line":168,"column":
[...]
column":37}},"loc":{"start":{"line":29,"column":84},"end":{"line":32,"column":null}},"line":29},"3":{"name":"(anonymous_3)","decl":{"start":{"line":30,"column":61},"end":{"line":30,"column":62}},"loc":{"start":{"line":30,"column":68},"end":{"line":30,"column":73}},"line":30},"4":{"name":"populationToGain","decl":{"start":{"line":35,"column":16},"end":{"line":35,"column":33}},"loc":{"start":{"line":35,"column":61},"end":{"line":37,"column":null}},"line":35},"5":{"name":"peaceToLfoRate","decl":{"start":{"line":40,"column":16},"end":{"line":40,"column":31}},"loc":{"start":{"line":40,"column":54},"end":{"line":42,"column":null}},"line":40},"6":{"name":"(anonymous_6)","decl":{"start":{"line":67,"column":6},"end":{"line":67,"column":23}},"loc":{"start":{"line":67,"column":23},"end":{"line":69,"column":null}},"line":67},"7":{"name":"(anonymous_7)","decl":{"start":{"line":72,"column":2},"end":{"line":72,"column":15}},"loc":{"start":{"line":72,"column":15},"end":{"line":126,"column":null}},"line":72},"8":{"name":"(anonymous_8)","decl":{"start":{"line":129,"column":2},"end":{"line":129,"column":18}},"loc":{"start":{"line":129,"column":18},"end":{"line":149,"column":null}},"line":129},"9":{"name":"(anonymous_9)","decl":{"start":{"line":155,"column":2},"end":{"line":155,"column":null}},"loc":{"start":{"line":159,"column":10},"end":{"line":199,"column":null}},"line":159},"10":{"name":"(anonymous_10)","decl":{"start":{"line":202,"column":2},"end":{"line":202,"column":10}},"loc":{"start":{"line":202,"column":31},"end":{"line":224,"column":null}},"line":202},"11":{"name":"(anonymous_11)","decl":{"start":{"line":227,"column":2},"end":{"line":227,"column":11}},"loc":{"start":{"line":227,"column":33},"end":{"line":235,"column":null}},"line":227},"12":{"name":"(anonymous_12)","decl":{"start":{"line":238,"column":2},"end":{"line":238,"column":12}},"loc":{"start":{"line":238,"column":34},"end":{"line":243,"column":null}},"line":238},"13":{"name":"(anonymous_13)","decl":{"start":{"line":248,"column":10},"end":{"line":248,"column":30}},"loc":{"start":{"line":248,"column":49},"end":{"line":265,"column":null}},"line":248},"14":{"name":"(anonymous_14)","decl":{"start":{"line":268,"column":10},"end":{"line":268,"column":25}},"loc":{"start":{"line":268,"column":44},"end":{"line":285,"column":null}},"line":268},"15":{"name":"(anonymous_15)","decl":{"start":{"line":288,"column":10},"end":{"line":288,"column":25}},"loc":{"start":{"line":288,"column":44},"end":{"line":304,"column":null}},"line":288},"16":{"name":"(anonymous_16)","decl":{"start":{"line":307,"column":10},"end":{"line":307,"column":20}},"loc":{"start":{"line":307,"column":39},"end":{"line":324,"column":null}},"line":307},"17":{"name":"(anonymous_17)","decl":{"start":{"line":327,"column":10},"end":{"line":327,"column":23}},"loc":{"start":{"line":327,"column":42},"end":{"line":348,"column":null}},"line":327}},"branchMap":{"0":{"loc":{"start":{"line":73,"column":4},"end":{"line":73,"column":null}},"type":"if","locations":[{"start":{"line":73,"column":4},"end":{"line":73,"column":null}},{"start":{},"end":{}}],"line":73},"1":{"loc":{"start":{"line":79,"column":33},"end":{"line":79,"column":null}},"type":"cond-expr","locations":[{"start":{"line":79,"column":47},"end":{"line":79,"column":51}},{"start":{"line":79,"column":51},"end":{"line":79,"column":null}}],"line":79},"2":{"loc":{"start":{"line":130,"column":4},"end":{"line":130,"column":null}},"type":"if","locations":[{"start":{"line":130,"column":4},"end":{"line":130,"column":null}},{"start":{},"end":{}}],"line":130},"3":{"loc":{"start":{"line":160,"column":4},"end":{"line":160,"column":null}},"type":"if","locations":[{"start":{"line":160,"column":4},"end":{"line":160,"column":null}},{"start":{},"end":{}}],"line":160},"4":{"loc":{"start":{"line":160,"column":8},"end":{"line":160,"column":34}},"type":"binary-expr","locations":[{"start":{"line":160,"column":8},"end":{"line":160,"column":21}},{"start":{"line":160,"column":21},"end":{"line":160,"column":34}}],"line":160},"5":{"loc":{"start":{"line":166,"column":4},"end":{"line":171,"column":null}},"type":"if","locations":[{"start":{"line":166,"column":4},"end":{"line":171,"column":null}},{"start":{},"end":{}}],"line":166},"6":{"loc":{"start":{"line":174,"column":4},"end":{"line":176,"column":null}},"type":"if","locations":[{"start":{"line":174,"column":4},"end":{"line":176,"column":null}},{"start":{},"end":{}}],"line":174},"7":{"loc":{"start":{"line":179,"column":4},"end":{"line":184,"column":null}},"type":"if","locations":[{"start":{"line":179,"column":4},"end":{"line":184,"column":null}},{"start":{},"end":{}}],"line":179},"8":{"loc":{"start":{"line":188,"column":4},"end":{"line":190,"column":null}},"type":"if","locations":[{"start":{"line":188,"column":4},"end":{"line":190,"column":null}},{"start":{},"end":{}}],"line":188},"9":{"loc":{"start":{"line":193,"column":4},"end":{"line":198,"column":null}},"type":"if","locations":[{"start":{"line":193,"column":4},"end":{"line":198,"column":null}},{"start":{},"end":{}}],"line":193},"10":{"loc":{"start":{"line":203,"column":4},"end":{"line":203,"column":null}},"type":"if","locations":[{"start":{"line":203,"column":4},"end":{"line":203,"column":null}},{"start":{},"end":{}}],"line":203},"11":{"loc":{"start":{"line":203,"column":8},"end":{"line":203,"column":54}},"type":"binary-expr","locations":[{"start":{"line":203,"column":8},"end":{"line":203,"column":21}},{"start":{"line":203,"column":21},"end":{"line":203,"column":36}},{"start":{"line":203,"column":36},"end":{"line":203,"column":54}}],"line":203},"12":{"loc":{"start":{"line":207,"column":4},"end":{"line":223,"column":null}},"type":"switch","locations":[{"start":{"line":208,"column":6},"end":{"line":210,"column":null}},{"start":{"line":211,"column":6},"end":{"line":213,"column":null}},{"start":{"line":214,"column":6},"end":{"line":216,"column":null}},{"start":{"line":217,"column":6},"end":{"line":219,"column":null}},{"start":{"line":220,"column":6},"end":{"line":222,"column":null}}],"line":207},"13":{"loc":{"start":{"line":229,"column":4},"end":{"line":234,"column":null}},"type":"if","locations":[{"start":{"line":229,"column":4},"end":{"line":234,"column":null}},{"start":{},"end":{}}],"line":229},"14":{"loc":{"start":{"line":229,"column":8},"end":{"line":229,"column":37}},"type":"binary-expr","locations":[{"start":{"line":229,"column":8},"end":{"line":229,"column":27}},{"start":{"line":229,"column":27},"end":{"line":229,"column":37}}],"line":229},"15":{"loc":{"start":{"line":231,"column":8},"end":{"line":231,"column":null}},"type":"cond-expr","locations":[{"start":{"line":231,"column":16},"end":{"line":231,"column":20}},{"start":{"line":231,"column":20},"end":{"line":231,"column":null}}],"line":231},"16":{"loc":{"start":{"line":240,"column":4},"end":{"line":242,"column":null}},"type":"if","locations":[{"start":{"line":240,"column":4},"end":{"line":242,"column":null}},{"start":{},"end":{}}],"line":240},"17":{"loc":{"start":{"line":240,"column":8},"end":{"line":240,"column":53}},"type":"binary-expr","locations":[{"start":{"line":240,"column":8},"end":{"line":240,"column":27}},{"start":{"line":240,"column":27},"end":{"line":240,"column":39}},{"start":{"line":240,"column":39},"end":{"line":240,"column":53}}],"line":240},"18":{"loc":{"start":{"line":249,"column":4},"end":{"line":249,"column":null}},"type":"if","locations":[{"start":{"line":249,"column":4},"end":{"line":249,"column":null}},{"start":{},"end":{}}],"line":249},"19":{"loc":{"start":{"line":249,"column":8},"end":{"line":249,"column":39}},"type":"binary-expr","locations":[{"start":{"line":249,"column":8},"end":{"line":249,"column":21}},{"start":{"line":249,"column":21},"end":{"line":249,"column":39}}],"line":249},"20":{"loc":{"start":{"line":269,"column":4},"end":{"line":269,"column":null}},"type":"if","locations":[{"start":{"line":269,"column":4},"end":{"line":269,"column":null}},{"start":{},"end":{}}],"line":269},"21":{"loc":{"start":{"line":269,"column":8},"end":{"line":269,"column":39}},"type":"binary-expr","locations":[{"start":{"line":269,"column":8},"end":{"line":269,"column":21}},{"start":{"line":269,"column":21},"end":{"line":269,"column":39}}],"line":269},"22":{"loc":{"start":{"line":289,"column":4},"end":{"line":289,"column":null}},"type":"if","locations":[{"start":{"line":289,"column":4},"end":{"line":289,"column":null}},{"start":{},"end":{}}],"line":289},"23":{"loc":{"start":{"line":289,"column":8},"end":{"line":289,"column":39}},"type":"binary-expr","locations":[{"start":{"line":289,"column":8},"end":{"line":289,"column":21}},{"start":{"line":289,"column":21},"end":{"line":289,"column":39}}],"line":289},"24":{"loc":{"start":{"line":308,"column":4},"end":{"line":308,"column":null}},"type":"if","locations":[{"start":{"line":308,"column":4},"end":{"line":308,"column":null}},{"start":{},"end":{}}],"line":308},"25":{"loc":{"start":{"line":308,"column":8},"end":{"line":308,"column":39}},"type":"binary-expr","locations":[{"start":{"line":308,"column":8},"end":{"line":308,"column":21}},{"start":{"line":308,"column":21},"end":{"line":308,"column":39}}],"line":308},"26":{"loc":{"start":{"line":328,"column":4},"end":{"line":328,"column":null}},"type":"if","locations":[{"start":{"line":328,"column":4},"end":{"line":328,"column":null}},{"start":{},"end":{}}],"line":328},"27":{"loc":{"start":{"line":328,"column":8},"end":{"line":328,"column":39}},"type":"binary-expr","locations":[{"start":{"line":328,"column":8},"end":{"line":328,"column":21}},{"start":{"line":328,"column":21},"end":{"line":328,"column":39}}],"line":328}},"s":{"0":3,"1":3,"2":4,"3":8,"4":4,"5":4,"6":3,"7":0,"8":0,"9":0,"10":0,"11":0,"12":0,"13":0,"14":0,"15":0,"16":0,"17":0,"18":0,"19":0,"20":0,"21":0,"22":0,"23":0,"24":0,"25":0,"26":0,"27":0,"28":0,"29":0,"30":0,"31":0,"32":0,"33":0,"34":0,"35":0,"36":0,"37":0,"38":0,"39":0,"40":0,"41":0,"42":0,"43":0,"44":0,"45":0,"46":0,"47":0,"48":0,"49":0,"50":0,"51":0,"52":0,"53":0,"54":0,"55":0,"56":0,"57":0,"58":0,"59":0,"60":0,"61":0,"62":0,"63":0,"64":0,"65":0,"66":0,"67":0,"68":0,"69":0,"70":0,"71":0,"72":0,"73":0,"74":0,"75":0,"76":0,"77":0,"78":0,"79":0,"80":0,"81":0,"82":0,"83":0,"84":0,"85":0,"86":0,"87":0,"88":0,"89":0,"90":0,"91":0,"92":0,"93":0,"94":0,"95":0,"96":0,"97":0,"98":0,"99":0,"100":0,"101":0,"102":0,"103":0,"104":0,"105":0,"106":0,"107":0,"108":0,"109":0,"110":0,"111":0,"112":0,"113":0,"114":0,"115":0,"116":0,"117":0,"118":0,"119":0,"120":0,"121":0,"122":0,"123":0,"124":0,"125":0,"126":0,"127":0,"128":0,"129":0,"130":0,"131":0,"132":0,"133":0,"134":0,"135":0,"136":0,"137":0,"138":0,"139":0,"140":0,"141":0,"142":0,"143":0,"144":0,"145":0,"146":0,"147":0,"148":0,"149":0,"150":0,"151":0,"152":0,"153":0,"154":0,"155":0,"156":0,"157":0,"158":0,"159":0,"160":0,"161":0,"162":0,"163":0,"164":0,"165":0,"166":0,"167":0,"168":0,"169":0,"170":0,"171":0,"172":0,"173":0,"174":0,"175":0,"176":0,"177":0,"178":0},"f":{"0":3,"1":3,"2":4,"3":8,"4":4,"5":3,"6":0,"7":0,"8":0,"9":0,"10":0,"11":0,"12":0,"13":0,"14":0,"15":0,"16":0,"17":0},"b":{"0":[0,0],"1":[0,0],"2":[0,0],"3":[0,0],"4":[0,0],"5":[0,0],"6":[0,0],"7":[0,0],"8":[0,0],"9":[0,0],"10":[0,0],"11":[0,0,0],"12":[0,0,0,0,0],"13":[0,0],"14":[0,0],"15":[0,0],"16":[0,0],"17":[0,0,0],"18":[0,0],"19":[0,0],"20":[0,0],"21":[0,0],"22":[0,0],"23":[0,0],"24":[0,0],"25":[0,0],"26":[0,0],"27":[0,0]},"meta":{"lastBranch":28,"lastFunction":18,"lastStatement":179,"seen":{"f:19:16:19:33":0,"s:20:2:20:Infinity":0,"f:24:16:24:30":1,"s:25:2:25:Infinity":1,"f:29:16:29:37":2,"s:30:25:30:Infinity":2,"f:30:61:30:62":3,"s:30:68:30:73":3,"s:31:2:31:Infinity":4,"f:35:16:35:33":4,"s:36:2:36:Infinity":5,"f:40:16:40:31":5,"s:41:2:41:Infinity":6,"s:47:37:47:Infinity":7,"s:48:40:48:Infinity":8,"s:51:44:51:Infinity":9,"s:52:39:52:Infinity":10,"s:55:43:55:Infinity":11,"s:56:43:56:Infinity":12,"s:57:47:57:Infinity":13,"s:58:37:58:Infinity":14,"s:61:42:61:Infinity":15,"s:62:37:62:Infinity":16,"s:64:28:64:Infinity":17,"s:65:28:65:Infinity":18,"f:67:6:67:23":6,"s:68:4:68:Infinity":19,"f:72:2:72:15":7,"b:73:4:73:Infinity:undefined:undefined:undefined:undefined":0,"s:73:4:73:Infinity":20,"s:73:18:73:Infinity":21,"s:75:4:75:Infinity":22,"s:78:4:78:Infinity":23,"s:79:4:79:Infinity":24,"b:79:47:79:51:79:51:79:Infinity":1,"s:80:4:80:Infinity":25,"s:83:4:83:Infinity":26,"s:84:4:84:Infinity":27,"s:85:4:85:Infinity":28,"s:87:4:87:Infinity":29,"s:88:4:88:Infinity":30,"s:89:4:89:Infinity":31,"s:90:4:90:Infinity":32,"s:91:4:91:Infinity":33,"s:94:4:94:Infinity":34,"s:95:4:95:Infinity":35,"s:96:4:96:Infinity":36,"s:97:4:97:Infinity":37,"s:99:4:99:Infinity":38,"s:100:4:100:Infinity":39,"s:101:4:101:Infinity":40,"s:102:4:102:Infinity":41,"s:104:4:104:Infinity":42,"s:105:4:105:Infinity":43,"s:106:4:106:Infinity":44,"s:107:4:107:Infinity":45,"s:108:4:108:Infinity":46,"s:110:4:110:Infinity":47,"s:111:4:111:Infinity":48,"s:112:4:112:Infinity":49,"s:113:4:113:Infinity":50,"s:114:4:114:Infinity":51,"s:117:4:117:Infinity":52,"s:118:4:118:Infinity":53,"s:119:4:119:Infinity":54,"s:121:4:121:Infinity":55,"s:122:4:122:Infinity":56,"s:123:4:123:Infinity":57,"s:124:4:124:Infinity":58,"s:125:4:125:Infinity":59,"f:129:2:129:18":8,"b:130:4:130:Infinity:undefined:undefined:undefined:undefined":2,"s:130:4:130:Infinity":60,"s:130:19:130:Infinity":61,"s:132:4:132:Infinity":62,"s:133:4:133:Infinity":63,"s:134:4:134:Infinity":64,"s:135:4:135:Infinity":65,"s:137:4:137:Infinity":66,"s:139:4:139:Infinity":67,"s:140:4:140:Infinity":68,"s:141:4:141:Infinity":69,"s:142:4:142:Infinity":70,"s:143:4:143:Infinity":71,"s:144:4:144:Infinity":72,"s:145:4:145:Infinity":73,"s:146:4:146:Infinity":74,"s:147:4:147:Infinity":75,"s:148:4:148:Infinity":76,"f:155:2:155:Infinity":9,"b:160:4:160:Infinity:undefined:undefined:undefined:undefined":3,"s:160:4:160:Infinity":77,"b:160:8:160:21:160:21:160:34":4,"s:160:34:160:Infinity":78,"s:162:16:162:Infinity":79,"s:163:21:163:Infinity":80,"b:166:4:171:Infinity:undefined:undefined:undefined:undefined":5,"s:166:4:171:Infinity":81,"s:167:6:170:Infinity":82,"b:174:4:176:Infinity:undefined:undefined:undefined:undefined":6,"s:174:4:176:Infinity":83,"s:175:6:175:Infinity":84,"b:179:4:184:Infinity:undefined:undefined:undefined:undefined":7,"s:179:4:184:Infinity":85,"s:180:6:183:Infinity":86,"s:187:19:187:Infinity":87,"b:188:4:190:Infinity:undefined:undefined:undefined:undefined":8,"s:188:4:190:Infinity":88,"s:189:6:189:Infinity":89,"b:193:4:198:Infinity:undefined:undefined:undefined:undefined":9,"s:193:4:198:Infinity":90,"s:194:6:197:Infinity":91,"f:202:2:202:10":10,"b:203:4:203:Infinity:undefined:undefined:undefined:undefined":10,"s:203:4:203:Infinity":92,"b:203:8:203:21:203:21:203:36:203:36:203:54":11,"s:203:54:203:Infinity":93,"s:205:16:205:Infinity":94,"b:208:6:210:Infinity:211:6:213:Infinity:214:6:216:Infinity:217:6:219:Infinity:220:6:222:Infinity":12,"s:207:4:223:Infinity":95,"s:209:8:209:Infinity":96,"s:210:8:210:Infinity":97,"s:212:8:212:Infinity":98,"s:213:8:213:Infinity":99,"s:215:8:215:Infinity":100,"s:216:8:216:Infinity":101,"s:218:8:218:Infinity":102,"s:219:8:219:Infinity":103,"s:221:8:221:Infinity":104,"s:222:8:222:Infinity":105,"f:227:2:227:11":11,"s:228:4:228:Infinity":106,"b:229:4:234:Infinity:undefined:undefined:undefined:undefined":13,"s:229:4:234:Infinity":107,"b:229:8:229:27:229:27:229:37":14,"s:230:6:233:Infinity":108,"b:231:16:231:20:231:20:231:Infinity":15,"f:238:2:238:12":12,"s:239:4:239:Infinity":109,"b:240:4:242:Infinity:undefined:undefined:undefined:undefined":16,"s:240:4:242:Infinity":110,"b:240:8:240:27:240:27:240:39:240:39:240:53":17,"s:241:6:241:Infinity":111,"f:248:10:248:30":13,"b:249:4:249:Infinity:undefined:undefined:undefined:undefined":18,"s:249:4:249:Infinity":112,"b:249:8:249:21:249:21:249:39":19,"s:249:39:249:Infinity":113,"s:251:16:251:Infinity":114,"s:252:17:252:Infinity":115,"s:254:4:254:Infinity":116,"s:255:4:255:Infinity":117,"s:256:4:256:Infinity":118,"s:258:4:258:Infinity":119,"s:259:4:259:Infinity":120,"s:261:4:261:Infinity":121,"s:262:4:262:Infinity":122,"s:263:4:263:Infinity":123,"s:264:4:264:Infinity":124,"f:268:10:268:25":14,"b:269:4:269:Infinity:undefined:undefined:undefined:undefined":20,"s:269:4:269:Infinity":125,"b:269:8:269:21:269:21:269:39":21,"s:269:39:269:Infinity":126,"s:271:16:271:Infinity":127,"s:272:17:272:Infinity":128,"s:274:4:274:Infinity":129,"s:275:4:275:Infinity":130,"s:276:4:276:Infinity":131,"s:278:4:278:Infinity":132,"s:279:4:279:Infinity":133,"s:281:4:281:Infinity":134,"s:282:4:282:Infinity":135,"s:283:4:283:Infinity":136,"s:284:4:284:Infinity":137,"f:288:10:288:25":15,"b:289:4:289:Infinity:undefined:undefined:undefined:undefined":22,"s:289:4:289:Infinity":138,"b:289:8:289:21:289:21:289:39":23,"s:289:39:289:Infinity":139,"s:291:16:291:Infinity":140,"s:292:17:292:Infinity":141,"s:294:4:294:Infinity":142,"s:295:4:295:Infinity":143,"s:297:4:297:Infinity":144,"s:298:4:298:Infinity":145,"s:300:4:300:Infinity":146,"s:301:4:301:Infinity":147,"s:302:4:302:Infinity":148,"s:303:4:303:Infinity":149,"f:307:10:307:20":16,"b:308:4:308:Infinity:undefined:undefined:undefined:undefined":24,"s:308:4:308:Infinity":150,"b:308:8:308:21:308:21:308:39":25,"s:308:39:308:Infinity":151,"s:310:16:310:Infinity":152,"s:311:17:311:Infinity":153,"s:313:4:313:Infinity":154,"s:314:4:314:Infinity":155,"s:315:4:315:Infinity":156,"s:317:4:317:Infinity":157,"s:318:4:318:Infinity":158,"s:320:4:320:Infinity":159,"s:321:4:321:Infinity":160,"s:322:4:322:Infinity":161,"s:323:4:323:Infinity":162,"f:327:10:327:23":17,"b:328:4:328:Infinity:undefined:undefined:undefined:undefined":26,"s:328:4:328:Infinity":163,"b:328:8:328:21:328:21:328:39":27,"s:328:39:328:Infinity":164,"s:330:18:330:Infinity":165,"s:332:4:347:Infinity":166,"s:332:17:332:20":167,"s:333:18:333:Infinity":168,"s:334:19:334:Infinity":169,"s:336:6:336:Infinity":170,"s:337:6:337:Infinity":171,"s:339:20:339:Infinity":172,"s:340:6:340:Infinity":173,"s:341:6:341:Infinity":174,"s:343:6:343:Infinity":175,"s:344:6:344:Infinity":176,"s:345:6:345:Infinity":177,"s:346:6:346:Infinity":178}}}
,"/home/caryb/.atelier/worktrees/echo-echo/autopilot-1777687442672/src/types/agent.ts": {"path":"/home/caryb/.atelier/worktrees/echo-echo/autopilot-1777687442672/src/types/agent.ts","statementMap":{"0":{"start":{"line":138,"column":48},"end":{"line":161,"column":null}},"1":{"start":{"line":207,"column":32},"end":{"line":207,"column":null}}},"fnMap":{},"branchMap":{},"s":{"0":21,"1":21},"f":{},"b":{},"meta":{"lastBranch":0,"lastFunction":0,"lastStatement":2,"seen":{"s:138:48:161:Infinity":0,"s:207:32:207:Infinity":1}}}
,"/home/caryb/.atelier/worktrees/echo-echo/autopilot-1777687442672/src/types/brain.ts": {"path":"/home/caryb/.atelier/worktrees/echo-echo/autopilot-1777687442672/src/types/brain.ts","statementMap":{"0":{"start":{"line":21,"column":53},"end":{"line":26,"column":null}}},"fnMap":{},"branchMap":{},"s":{"0":21},"f":{},"b":{},"meta":{"lastBranch":0,"lastFunction":0,"lastStatement":1,"seen":{"s:21:53:26:Infinity":0}}}
,"/home/caryb/.atelier/worktrees/echo-echo/autopilot-1777687442672/src/types/index.ts": {"path":"/home/caryb/.atelier/worktrees/echo-echo/autopilot-1777687442672/src/types/index.ts","statementMap":{},"fnMap":{},"branchMap":{},"s":{},"f":{},"b":{},"meta":{"lastBranch":0,"lastFunction":0,"lastStatement":0,"seen":{}}}
,"/home/caryb/.atelier/worktrees/echo-echo/autopilot-1777687442672/src/types/networking.ts": {"path":"/home/caryb/.atelier/worktrees/echo-echo/autopilot-1777687442672/src/types/networking.ts","statementMap":{"0":{"start":{"line":106,"column":53},"end":{"line":109,"column":null}},"1":{"start":{"line":150,"column":70},"end":{"line":155,"column":null}},"2":{"start":{"line":292,"column":68},"end":{"line":296,"column":null}},"3":{"start":{"line":346,"column":80},"end":{"line":351,"column":null}}},"fnMap":{},"branchMap":{},"s":{"0":21,"1":21,"2":21,"3":21},"f":{},"b":{},"meta":{"lastBranch":0,"lastFunction":0,"lastStatement":4,"seen":{"s:106:53:109:Infinity":0,"s:150:70:155:Infinity":1,"s:292:68:296:Infinity":2,"s:346:80:351:Infinity":3}}}
}
